[3.787s] DEBUG:colcon:Command line arguments: ['/usr/bin/colcon', 'build', '--packages-select', 'group17_final']
[3.787s] DEBUG:colcon:Parsed command line arguments: Namespace(allow_overriding=[], ament_cmake_args=None, base_paths=['.'], build_base='build', catkin_cmake_args=None, catkin_skip_building_tests=False, cmake_args=None, cmake_clean_cache=False, cmake_clean_first=False, cmake_force_configure=False, cmake_target=None, cmake_target_skip_unavailable=False, continue_on_error=False, event_handlers=None, executor='parallel', ignore_user_meta=False, install_base='install', log_base=None, log_level=None, main=<bound method BuildVerb.main of <colcon_core.verb.build.BuildVerb object at 0x7ffa3e5c69a0>>, merge_install=False, metas=['./colcon.meta'], packages_above=None, packages_above_and_dependencies=None, packages_above_depth=None, packages_end=None, packages_ignore=None, packages_ignore_regex=None, packages_select=['group17_final'], packages_select_build_failed=False, packages_select_by_dep=None, packages_select_regex=None, packages_select_test_failures=False, packages_skip=None, packages_skip_build_finished=False, packages_skip_by_dep=None, packages_skip_regex=None, packages_skip_test_passed=False, packages_skip_up_to=None, packages_start=None, packages_up_to=None, packages_up_to_regex=None, parallel_workers=8, paths=None, symlink_install=False, test_result_base=None, verb_extension=<colcon_core.verb.build.BuildVerb object at 0x7ffa3e5c69a0>, verb_name='build', verb_parser=<colcon_defaults.argument_parser.defaults.DefaultArgumentsDecorator object at 0x7ffa3e5c6130>)
[4.353s] Level 1:colcon.colcon_core.package_discovery:discover_packages(colcon_meta) check parameters
[4.353s] Level 1:colcon.colcon_core.package_discovery:discover_packages(recursive) check parameters
[4.353s] Level 1:colcon.colcon_core.package_discovery:discover_packages(ignore) check parameters
[4.353s] Level 1:colcon.colcon_core.package_discovery:discover_packages(path) check parameters
[4.353s] Level 1:colcon.colcon_core.package_discovery:discover_packages(colcon_meta) discover
[4.353s] Level 1:colcon.colcon_core.package_discovery:discover_packages(recursive) discover
[4.353s] INFO:colcon.colcon_core.package_discovery:Crawling recursively for packages in '/home/keyur/empm809y_cpp/Cpp_projects/Final-Group17/final_ws'
[4.353s] Level 1:colcon.colcon_core.package_identification:_identify(.) by extensions ['ignore', 'ignore_ament_install']
[4.354s] Level 1:colcon.colcon_core.package_identification:_identify(.) by extension 'ignore'
[4.354s] Level 1:colcon.colcon_core.package_identification:_identify(.) by extension 'ignore_ament_install'
[4.354s] Level 1:colcon.colcon_core.package_identification:_identify(.) by extensions ['colcon_pkg']
[4.354s] Level 1:colcon.colcon_core.package_identification:_identify(.) by extension 'colcon_pkg'
[4.354s] Level 1:colcon.colcon_core.package_identification:_identify(.) by extensions ['colcon_meta']
[4.354s] Level 1:colcon.colcon_core.package_identification:_identify(.) by extension 'colcon_meta'
[4.354s] Level 1:colcon.colcon_core.package_identification:_identify(.) by extensions ['ros']
[4.354s] Level 1:colcon.colcon_core.package_identification:_identify(.) by extension 'ros'
[4.401s] Level 1:colcon.colcon_core.package_identification:_identify(.) by extensions ['cmake', 'python']
[4.401s] Level 1:colcon.colcon_core.package_identification:_identify(.) by extension 'cmake'
[4.402s] Level 1:colcon.colcon_core.package_identification:_identify(.) by extension 'python'
[4.402s] Level 1:colcon.colcon_core.package_identification:_identify(.) by extensions ['python_setup_py']
[4.402s] Level 1:colcon.colcon_core.package_identification:_identify(.) by extension 'python_setup_py'
[4.402s] Level 1:colcon.colcon_core.package_identification:_identify(build) by extensions ['ignore', 'ignore_ament_install']
[4.402s] Level 1:colcon.colcon_core.package_identification:_identify(build) by extension 'ignore'
[4.402s] Level 1:colcon.colcon_core.package_identification:_identify(build) ignored
[4.403s] Level 1:colcon.colcon_core.package_identification:_identify(install) by extensions ['ignore', 'ignore_ament_install']
[4.403s] Level 1:colcon.colcon_core.package_identification:_identify(install) by extension 'ignore'
[4.403s] Level 1:colcon.colcon_core.package_identification:_identify(install) ignored
[4.403s] Level 1:colcon.colcon_core.package_identification:_identify(log) by extensions ['ignore', 'ignore_ament_install']
[4.403s] Level 1:colcon.colcon_core.package_identification:_identify(log) by extension 'ignore'
[4.403s] Level 1:colcon.colcon_core.package_identification:_identify(log) ignored
[4.403s] Level 1:colcon.colcon_core.package_identification:_identify(src) by extensions ['ignore', 'ignore_ament_install']
[4.404s] Level 1:colcon.colcon_core.package_identification:_identify(src) by extension 'ignore'
[4.404s] Level 1:colcon.colcon_core.package_identification:_identify(src) by extension 'ignore_ament_install'
[4.404s] Level 1:colcon.colcon_core.package_identification:_identify(src) by extensions ['colcon_pkg']
[4.404s] Level 1:colcon.colcon_core.package_identification:_identify(src) by extension 'colcon_pkg'
[4.404s] Level 1:colcon.colcon_core.package_identification:_identify(src) by extensions ['colcon_meta']
[4.404s] Level 1:colcon.colcon_core.package_identification:_identify(src) by extension 'colcon_meta'
[4.404s] Level 1:colcon.colcon_core.package_identification:_identify(src) by extensions ['ros']
[4.404s] Level 1:colcon.colcon_core.package_identification:_identify(src) by extension 'ros'
[4.404s] Level 1:colcon.colcon_core.package_identification:_identify(src) by extensions ['cmake', 'python']
[4.404s] Level 1:colcon.colcon_core.package_identification:_identify(src) by extension 'cmake'
[4.405s] Level 1:colcon.colcon_core.package_identification:_identify(src) by extension 'python'
[4.405s] Level 1:colcon.colcon_core.package_identification:_identify(src) by extensions ['python_setup_py']
[4.405s] Level 1:colcon.colcon_core.package_identification:_identify(src) by extension 'python_setup_py'
[4.415s] Level 1:colcon.colcon_core.package_identification:_identify(src/final_project) by extensions ['ignore', 'ignore_ament_install']
[4.415s] Level 1:colcon.colcon_core.package_identification:_identify(src/final_project) by extension 'ignore'
[4.415s] Level 1:colcon.colcon_core.package_identification:_identify(src/final_project) by extension 'ignore_ament_install'
[4.415s] Level 1:colcon.colcon_core.package_identification:_identify(src/final_project) by extensions ['colcon_pkg']
[4.415s] Level 1:colcon.colcon_core.package_identification:_identify(src/final_project) by extension 'colcon_pkg'
[4.415s] Level 1:colcon.colcon_core.package_identification:_identify(src/final_project) by extensions ['colcon_meta']
[4.416s] Level 1:colcon.colcon_core.package_identification:_identify(src/final_project) by extension 'colcon_meta'
[4.416s] Level 1:colcon.colcon_core.package_identification:_identify(src/final_project) by extensions ['ros']
[4.416s] Level 1:colcon.colcon_core.package_identification:_identify(src/final_project) by extension 'ros'
[4.459s] DEBUG:colcon.colcon_core.package_identification:Package 'src/final_project' with type 'ros.ament_cmake' and name 'final_project'
[4.460s] Level 1:colcon.colcon_core.package_identification:_identify(src/group17_final) by extensions ['ignore', 'ignore_ament_install']
[4.460s] Level 1:colcon.colcon_core.package_identification:_identify(src/group17_final) by extension 'ignore'
[4.461s] Level 1:colcon.colcon_core.package_identification:_identify(src/group17_final) by extension 'ignore_ament_install'
[4.461s] Level 1:colcon.colcon_core.package_identification:_identify(src/group17_final) by extensions ['colcon_pkg']
[4.461s] Level 1:colcon.colcon_core.package_identification:_identify(src/group17_final) by extension 'colcon_pkg'
[4.461s] Level 1:colcon.colcon_core.package_identification:_identify(src/group17_final) by extensions ['colcon_meta']
[4.462s] Level 1:colcon.colcon_core.package_identification:_identify(src/group17_final) by extension 'colcon_meta'
[4.462s] Level 1:colcon.colcon_core.package_identification:_identify(src/group17_final) by extensions ['ros']
[4.462s] Level 1:colcon.colcon_core.package_identification:_identify(src/group17_final) by extension 'ros'
[4.466s] DEBUG:colcon.colcon_core.package_identification:Package 'src/group17_final' with type 'ros.ament_cmake' and name 'group17_final'
[4.466s] Level 1:colcon.colcon_core.package_identification:_identify(src/mage_msgs) by extensions ['ignore', 'ignore_ament_install']
[4.467s] Level 1:colcon.colcon_core.package_identification:_identify(src/mage_msgs) by extension 'ignore'
[4.467s] Level 1:colcon.colcon_core.package_identification:_identify(src/mage_msgs) by extension 'ignore_ament_install'
[4.467s] Level 1:colcon.colcon_core.package_identification:_identify(src/mage_msgs) by extensions ['colcon_pkg']
[4.468s] Level 1:colcon.colcon_core.package_identification:_identify(src/mage_msgs) by extension 'colcon_pkg'
[4.468s] Level 1:colcon.colcon_core.package_identification:_identify(src/mage_msgs) by extensions ['colcon_meta']
[4.468s] Level 1:colcon.colcon_core.package_identification:_identify(src/mage_msgs) by extension 'colcon_meta'
[4.468s] Level 1:colcon.colcon_core.package_identification:_identify(src/mage_msgs) by extensions ['ros']
[4.468s] Level 1:colcon.colcon_core.package_identification:_identify(src/mage_msgs) by extension 'ros'
[4.471s] DEBUG:colcon.colcon_core.package_identification:Package 'src/mage_msgs' with type 'ros.ament_cmake' and name 'mage_msgs'
[4.471s] Level 1:colcon.colcon_core.package_identification:_identify(src/ros2_aruco) by extensions ['ignore', 'ignore_ament_install']
[4.471s] Level 1:colcon.colcon_core.package_identification:_identify(src/ros2_aruco) by extension 'ignore'
[4.472s] Level 1:colcon.colcon_core.package_identification:_identify(src/ros2_aruco) by extension 'ignore_ament_install'
[4.472s] Level 1:colcon.colcon_core.package_identification:_identify(src/ros2_aruco) by extensions ['colcon_pkg']
[4.472s] Level 1:colcon.colcon_core.package_identification:_identify(src/ros2_aruco) by extension 'colcon_pkg'
[4.472s] Level 1:colcon.colcon_core.package_identification:_identify(src/ros2_aruco) by extensions ['colcon_meta']
[4.473s] Level 1:colcon.colcon_core.package_identification:_identify(src/ros2_aruco) by extension 'colcon_meta'
[4.473s] Level 1:colcon.colcon_core.package_identification:_identify(src/ros2_aruco) by extensions ['ros']
[4.473s] Level 1:colcon.colcon_core.package_identification:_identify(src/ros2_aruco) by extension 'ros'
[4.473s] Level 1:colcon.colcon_core.package_identification:_identify(src/ros2_aruco) by extensions ['cmake', 'python']
[4.473s] Level 1:colcon.colcon_core.package_identification:_identify(src/ros2_aruco) by extension 'cmake'
[4.474s] Level 1:colcon.colcon_core.package_identification:_identify(src/ros2_aruco) by extension 'python'
[4.474s] Level 1:colcon.colcon_core.package_identification:_identify(src/ros2_aruco) by extensions ['python_setup_py']
[4.474s] Level 1:colcon.colcon_core.package_identification:_identify(src/ros2_aruco) by extension 'python_setup_py'
[4.474s] Level 1:colcon.colcon_core.package_identification:_identify(src/ros2_aruco/ros2_aruco) by extensions ['ignore', 'ignore_ament_install']
[4.475s] Level 1:colcon.colcon_core.package_identification:_identify(src/ros2_aruco/ros2_aruco) by extension 'ignore'
[4.475s] Level 1:colcon.colcon_core.package_identification:_identify(src/ros2_aruco/ros2_aruco) by extension 'ignore_ament_install'
[4.475s] Level 1:colcon.colcon_core.package_identification:_identify(src/ros2_aruco/ros2_aruco) by extensions ['colcon_pkg']
[4.475s] Level 1:colcon.colcon_core.package_identification:_identify(src/ros2_aruco/ros2_aruco) by extension 'colcon_pkg'
[4.475s] Level 1:colcon.colcon_core.package_identification:_identify(src/ros2_aruco/ros2_aruco) by extensions ['colcon_meta']
[4.475s] Level 1:colcon.colcon_core.package_identification:_identify(src/ros2_aruco/ros2_aruco) by extension 'colcon_meta'
[4.476s] Level 1:colcon.colcon_core.package_identification:_identify(src/ros2_aruco/ros2_aruco) by extensions ['ros']
[4.476s] Level 1:colcon.colcon_core.package_identification:_identify(src/ros2_aruco/ros2_aruco) by extension 'ros'
[4.478s] DEBUG:colcon.colcon_core.package_identification:Package 'src/ros2_aruco/ros2_aruco' with type 'ros.ament_python' and name 'ros2_aruco'
[4.478s] Level 1:colcon.colcon_core.package_identification:_identify(src/ros2_aruco/ros2_aruco_interfaces) by extensions ['ignore', 'ignore_ament_install']
[4.478s] Level 1:colcon.colcon_core.package_identification:_identify(src/ros2_aruco/ros2_aruco_interfaces) by extension 'ignore'
[4.479s] Level 1:colcon.colcon_core.package_identification:_identify(src/ros2_aruco/ros2_aruco_interfaces) by extension 'ignore_ament_install'
[4.479s] Level 1:colcon.colcon_core.package_identification:_identify(src/ros2_aruco/ros2_aruco_interfaces) by extensions ['colcon_pkg']
[4.479s] Level 1:colcon.colcon_core.package_identification:_identify(src/ros2_aruco/ros2_aruco_interfaces) by extension 'colcon_pkg'
[4.479s] Level 1:colcon.colcon_core.package_identification:_identify(src/ros2_aruco/ros2_aruco_interfaces) by extensions ['colcon_meta']
[4.479s] Level 1:colcon.colcon_core.package_identification:_identify(src/ros2_aruco/ros2_aruco_interfaces) by extension 'colcon_meta'
[4.479s] Level 1:colcon.colcon_core.package_identification:_identify(src/ros2_aruco/ros2_aruco_interfaces) by extensions ['ros']
[4.479s] Level 1:colcon.colcon_core.package_identification:_identify(src/ros2_aruco/ros2_aruco_interfaces) by extension 'ros'
[4.482s] DEBUG:colcon.colcon_core.package_identification:Package 'src/ros2_aruco/ros2_aruco_interfaces' with type 'ros.ament_cmake' and name 'ros2_aruco_interfaces'
[4.482s] Level 1:colcon.colcon_core.package_discovery:discover_packages(recursive) using defaults
[4.482s] Level 1:colcon.colcon_core.package_discovery:discover_packages(ignore) discover
[4.482s] Level 1:colcon.colcon_core.package_discovery:discover_packages(ignore) using defaults
[4.482s] Level 1:colcon.colcon_core.package_discovery:discover_packages(path) discover
[4.482s] Level 1:colcon.colcon_core.package_discovery:discover_packages(path) using defaults
[4.774s] INFO:colcon.colcon_core.package_selection:Skipping not selected package 'mage_msgs' in 'src/mage_msgs'
[4.774s] INFO:colcon.colcon_core.package_selection:Skipping not selected package 'ros2_aruco' in 'src/ros2_aruco/ros2_aruco'
[4.774s] INFO:colcon.colcon_core.package_selection:Skipping not selected package 'ros2_aruco_interfaces' in 'src/ros2_aruco/ros2_aruco_interfaces'
[4.774s] INFO:colcon.colcon_core.package_selection:Skipping not selected package 'final_project' in 'src/final_project'
[4.861s] Level 1:colcon.colcon_core.package_discovery:discover_packages(prefix_path) check parameters
[4.861s] Level 1:colcon.colcon_core.package_discovery:discover_packages(prefix_path) discover
[5.324s] DEBUG:colcon.colcon_installed_package_information.package_discovery:Found 5 installed packages in /home/keyur/empm809y_cpp/Cpp_projects/Final-Group17/final_ws/install
[5.478s] DEBUG:colcon.colcon_installed_package_information.package_discovery:Found 8 installed packages in /home/keyur/empm809y_cpp/Cpp_projects/RWA3-Group17/rwa3_ws/install
[5.592s] DEBUG:colcon.colcon_installed_package_information.package_discovery:Found 4 installed packages in /home/keyur/empm809y_cpp/Cpp_projects/ROS2learn/rosprac809_ws/install
[5.661s] DEBUG:colcon.colcon_installed_package_information.package_discovery:Found 2 installed packages in /home/keyur/ros809_ws/install
[5.796s] DEBUG:colcon.colcon_installed_package_information.package_discovery:Found 329 installed packages in /opt/ros/galactic
[5.803s] Level 1:colcon.colcon_core.package_discovery:discover_packages(prefix_path) using defaults
[9.088s] Level 5:colcon.colcon_core.verb:set package 'group17_final' build argument 'cmake_args' from command line to 'None'
[9.088s] Level 5:colcon.colcon_core.verb:set package 'group17_final' build argument 'cmake_target' from command line to 'None'
[9.088s] Level 5:colcon.colcon_core.verb:set package 'group17_final' build argument 'cmake_target_skip_unavailable' from command line to 'False'
[9.088s] Level 5:colcon.colcon_core.verb:set package 'group17_final' build argument 'cmake_clean_cache' from command line to 'False'
[9.088s] Level 5:colcon.colcon_core.verb:set package 'group17_final' build argument 'cmake_clean_first' from command line to 'False'
[9.088s] Level 5:colcon.colcon_core.verb:set package 'group17_final' build argument 'cmake_force_configure' from command line to 'False'
[9.088s] Level 5:colcon.colcon_core.verb:set package 'group17_final' build argument 'ament_cmake_args' from command line to 'None'
[9.088s] Level 5:colcon.colcon_core.verb:set package 'group17_final' build argument 'catkin_cmake_args' from command line to 'None'
[9.088s] Level 5:colcon.colcon_core.verb:set package 'group17_final' build argument 'catkin_skip_building_tests' from command line to 'False'
[9.089s] DEBUG:colcon.colcon_core.verb:Building package 'group17_final' with the following arguments: {'ament_cmake_args': None, 'build_base': '/home/keyur/empm809y_cpp/Cpp_projects/Final-Group17/final_ws/build/group17_final', 'catkin_cmake_args': None, 'catkin_skip_building_tests': False, 'cmake_args': None, 'cmake_clean_cache': False, 'cmake_clean_first': False, 'cmake_force_configure': False, 'cmake_target': None, 'cmake_target_skip_unavailable': False, 'install_base': '/home/keyur/empm809y_cpp/Cpp_projects/Final-Group17/final_ws/install/group17_final', 'merge_install': False, 'path': '/home/keyur/empm809y_cpp/Cpp_projects/Final-Group17/final_ws/src/group17_final', 'symlink_install': False, 'test_result_base': None}
[9.135s] INFO:colcon.colcon_core.executor:Executing jobs using 'parallel' executor
[9.182s] DEBUG:colcon.colcon_parallel_executor.executor.parallel:run_until_complete
[9.182s] INFO:colcon.colcon_ros.task.ament_cmake.build:Building ROS package in '/home/keyur/empm809y_cpp/Cpp_projects/Final-Group17/final_ws/src/group17_final' with build type 'ament_cmake'
[9.182s] INFO:colcon.colcon_cmake.task.cmake.build:Building CMake package in '/home/keyur/empm809y_cpp/Cpp_projects/Final-Group17/final_ws/src/group17_final'
[9.305s] INFO:colcon.colcon_core.plugin_system:Skipping extension 'colcon_core.shell.bat': Not used on non-Windows systems
[9.305s] INFO:colcon.colcon_core.shell:Skip shell extension 'powershell' for command environment: Not usable outside of PowerShell
[9.305s] DEBUG:colcon.colcon_core.shell:Skip shell extension 'dsv' for command environment
[9.988s] DEBUG:colcon.colcon_core.event_handler.log_command:Invoking command in '/home/keyur/empm809y_cpp/Cpp_projects/Final-Group17/final_ws/build/group17_final': CMAKE_PREFIX_PATH=/home/keyur/empm809y_cpp/Cpp_projects/Final-Group17/final_ws/install/ros2_aruco_interfaces:/home/keyur/empm809y_cpp/Cpp_projects/Final-Group17/final_ws/install/mage_msgs:/home/keyur/empm809y_cpp/Cpp_projects/Final-Group17/final_ws/install/group17_final:/home/keyur/empm809y_cpp/Cpp_projects/Final-Group17/final_ws/install/final_project:/home/keyur/empm809y_cpp/Cpp_projects/RWA3-Group17/rwa3_ws/install/group17:/home/keyur/empm809y_cpp/Cpp_projects/RWA3-Group17/rwa3_ws/install/turtlebot3_simulations:/home/keyur/empm809y_cpp/Cpp_projects/RWA3-Group17/rwa3_ws/install/turtlebot3_sensors:/home/keyur/empm809y_cpp/Cpp_projects/RWA3-Group17/rwa3_ws/install/turtlebot3_gazebo:/home/keyur/empm809y_cpp/Cpp_projects/RWA3-Group17/rwa3_ws/install/turtlebot3_fake_node:/home/keyur/empm809y_cpp/Cpp_projects/RWA3-Group17/rwa3_ws/install/ros2_aruco_interfaces:/home/keyur/empm809y_cpp/Cpp_projects/RWA3-Group17/rwa3_ws/install/mage_msgs:/home/keyur/empm809y_cpp/Cpp_projects/ROS2learn/rosprac809_ws/install/navigation_demo:/home/keyur/empm809y_cpp/Cpp_projects/ROS2learn/rosprac809_ws/install/my_first_package:/home/keyur/empm809y_cpp/Cpp_projects/ROS2learn/rosprac809_ws/install/automated_vehicle:/home/keyur/empm809y_cpp/Cpp_projects/ROS2learn/rosprac809_ws/install/av_msgs:/home/keyur/ros809_ws/install/first_package:/home/keyur/ros809_ws/install/automated_vehicle:/home/keyur/empm809y_cpp/Cpp_projects/Final-Group17/final_ws/install/ros2_aruco:/home/keyur/empm809y_cpp/Cpp_projects/RWA3-Group17/rwa3_ws/install/ros2_aruco:/opt/ros/galactic LD_LIBRARY_PATH=/home/keyur/empm809y_cpp/Cpp_projects/Final-Group17/final_ws/install/ros2_aruco_interfaces/lib:/home/keyur/empm809y_cpp/Cpp_projects/Final-Group17/final_ws/install/mage_msgs/lib:/home/keyur/empm809y_cpp/Cpp_projects/Final-Group17/final_ws/install/final_project/lib:/home/keyur/empm809y_cpp/Cpp_projects/RWA3-Group17/rwa3_ws/install/turtlebot3_sensors/lib:/home/keyur/empm809y_cpp/Cpp_projects/RWA3-Group17/rwa3_ws/install/ros2_aruco_interfaces/lib:/home/keyur/empm809y_cpp/Cpp_projects/RWA3-Group17/rwa3_ws/install/mage_msgs/lib:/home/keyur/empm809y_cpp/Cpp_projects/ROS2learn/rosprac809_ws/install/av_msgs/lib:/usr/lib/x86_64-linux-gnu/gazebo-11/plugins:/opt/ros/galactic/opt/yaml_cpp_vendor/lib:/opt/ros/galactic/opt/rviz_ogre_vendor/lib:/opt/ros/galactic/lib/x86_64-linux-gnu:/opt/ros/galactic/lib PYTHONPATH=/home/keyur/empm809y_cpp/Cpp_projects/Final-Group17/final_ws/install/ros2_aruco_interfaces/lib/python3.8/site-packages:/home/keyur/empm809y_cpp/Cpp_projects/Final-Group17/final_ws/install/mage_msgs/lib/python3.8/site-packages:/home/keyur/empm809y_cpp/Cpp_projects/Final-Group17/final_ws/install/ros2_aruco/lib/python3.8/site-packages:/home/keyur/empm809y_cpp/Cpp_projects/Final-Group17/final_ws/install/final_project/lib/python3.8/site-packages:/home/keyur/empm809y_cpp/Cpp_projects/RWA3-Group17/rwa3_ws/install/turtlebot3_gazebo/lib/python3.8/site-packages:/home/keyur/empm809y_cpp/Cpp_projects/RWA3-Group17/rwa3_ws/install/ros2_aruco_interfaces/lib/python3.8/site-packages:/home/keyur/empm809y_cpp/Cpp_projects/RWA3-Group17/rwa3_ws/install/ros2_aruco/lib/python3.8/site-packages:/home/keyur/empm809y_cpp/Cpp_projects/RWA3-Group17/rwa3_ws/install/mage_msgs/lib/python3.8/site-packages:/home/keyur/empm809y_cpp/Cpp_projects/ROS2learn/rosprac809_ws/install/av_msgs/lib/python3.8/site-packages:/opt/ros/galactic/lib/python3.8/site-packages /usr/bin/cmake --build /home/keyur/empm809y_cpp/Cpp_projects/Final-Group17/final_ws/build/group17_final -- -j8 -l8
[16.861s] DEBUG:colcon.colcon_core.event_handler.log_command:Invoked command in '/home/keyur/empm809y_cpp/Cpp_projects/Final-Group17/final_ws/build/group17_final' returned '2': CMAKE_PREFIX_PATH=/home/keyur/empm809y_cpp/Cpp_projects/Final-Group17/final_ws/install/ros2_aruco_interfaces:/home/keyur/empm809y_cpp/Cpp_projects/Final-Group17/final_ws/install/mage_msgs:/home/keyur/empm809y_cpp/Cpp_projects/Final-Group17/final_ws/install/group17_final:/home/keyur/empm809y_cpp/Cpp_projects/Final-Group17/final_ws/install/final_project:/home/keyur/empm809y_cpp/Cpp_projects/RWA3-Group17/rwa3_ws/install/group17:/home/keyur/empm809y_cpp/Cpp_projects/RWA3-Group17/rwa3_ws/install/turtlebot3_simulations:/home/keyur/empm809y_cpp/Cpp_projects/RWA3-Group17/rwa3_ws/install/turtlebot3_sensors:/home/keyur/empm809y_cpp/Cpp_projects/RWA3-Group17/rwa3_ws/install/turtlebot3_gazebo:/home/keyur/empm809y_cpp/Cpp_projects/RWA3-Group17/rwa3_ws/install/turtlebot3_fake_node:/home/keyur/empm809y_cpp/Cpp_projects/RWA3-Group17/rwa3_ws/install/ros2_aruco_interfaces:/home/keyur/empm809y_cpp/Cpp_projects/RWA3-Group17/rwa3_ws/install/mage_msgs:/home/keyur/empm809y_cpp/Cpp_projects/ROS2learn/rosprac809_ws/install/navigation_demo:/home/keyur/empm809y_cpp/Cpp_projects/ROS2learn/rosprac809_ws/install/my_first_package:/home/keyur/empm809y_cpp/Cpp_projects/ROS2learn/rosprac809_ws/install/automated_vehicle:/home/keyur/empm809y_cpp/Cpp_projects/ROS2learn/rosprac809_ws/install/av_msgs:/home/keyur/ros809_ws/install/first_package:/home/keyur/ros809_ws/install/automated_vehicle:/home/keyur/empm809y_cpp/Cpp_projects/Final-Group17/final_ws/install/ros2_aruco:/home/keyur/empm809y_cpp/Cpp_projects/RWA3-Group17/rwa3_ws/install/ros2_aruco:/opt/ros/galactic LD_LIBRARY_PATH=/home/keyur/empm809y_cpp/Cpp_projects/Final-Group17/final_ws/install/ros2_aruco_interfaces/lib:/home/keyur/empm809y_cpp/Cpp_projects/Final-Group17/final_ws/install/mage_msgs/lib:/home/keyur/empm809y_cpp/Cpp_projects/Final-Group17/final_ws/install/final_project/lib:/home/keyur/empm809y_cpp/Cpp_projects/RWA3-Group17/rwa3_ws/install/turtlebot3_sensors/lib:/home/keyur/empm809y_cpp/Cpp_projects/RWA3-Group17/rwa3_ws/install/ros2_aruco_interfaces/lib:/home/keyur/empm809y_cpp/Cpp_projects/RWA3-Group17/rwa3_ws/install/mage_msgs/lib:/home/keyur/empm809y_cpp/Cpp_projects/ROS2learn/rosprac809_ws/install/av_msgs/lib:/usr/lib/x86_64-linux-gnu/gazebo-11/plugins:/opt/ros/galactic/opt/yaml_cpp_vendor/lib:/opt/ros/galactic/opt/rviz_ogre_vendor/lib:/opt/ros/galactic/lib/x86_64-linux-gnu:/opt/ros/galactic/lib PYTHONPATH=/home/keyur/empm809y_cpp/Cpp_projects/Final-Group17/final_ws/install/ros2_aruco_interfaces/lib/python3.8/site-packages:/home/keyur/empm809y_cpp/Cpp_projects/Final-Group17/final_ws/install/mage_msgs/lib/python3.8/site-packages:/home/keyur/empm809y_cpp/Cpp_projects/Final-Group17/final_ws/install/ros2_aruco/lib/python3.8/site-packages:/home/keyur/empm809y_cpp/Cpp_projects/Final-Group17/final_ws/install/final_project/lib/python3.8/site-packages:/home/keyur/empm809y_cpp/Cpp_projects/RWA3-Group17/rwa3_ws/install/turtlebot3_gazebo/lib/python3.8/site-packages:/home/keyur/empm809y_cpp/Cpp_projects/RWA3-Group17/rwa3_ws/install/ros2_aruco_interfaces/lib/python3.8/site-packages:/home/keyur/empm809y_cpp/Cpp_projects/RWA3-Group17/rwa3_ws/install/ros2_aruco/lib/python3.8/site-packages:/home/keyur/empm809y_cpp/Cpp_projects/RWA3-Group17/rwa3_ws/install/mage_msgs/lib/python3.8/site-packages:/home/keyur/empm809y_cpp/Cpp_projects/ROS2learn/rosprac809_ws/install/av_msgs/lib/python3.8/site-packages:/opt/ros/galactic/lib/python3.8/site-packages /usr/bin/cmake --build /home/keyur/empm809y_cpp/Cpp_projects/Final-Group17/final_ws/build/group17_final -- -j8 -l8
[16.963s] Level 1:colcon.colcon_core.environment:create_environment_scripts_only(group17_final)
[17.154s] Level 1:colcon.colcon_core.environment:checking '/home/keyur/empm809y_cpp/Cpp_projects/Final-Group17/final_ws/install/group17_final' for CMake module files
[17.174s] Level 1:colcon.colcon_core.environment:checking '/home/keyur/empm809y_cpp/Cpp_projects/Final-Group17/final_ws/install/group17_final' for CMake config files
[17.206s] Level 1:colcon.colcon_core.shell:create_environment_hook('group17_final', 'cmake_prefix_path')
[17.286s] INFO:colcon.colcon_core.shell:Creating environment hook '/home/keyur/empm809y_cpp/Cpp_projects/Final-Group17/final_ws/install/group17_final/share/group17_final/hook/cmake_prefix_path.ps1'
[17.331s] INFO:colcon.colcon_core.shell:Creating environment descriptor '/home/keyur/empm809y_cpp/Cpp_projects/Final-Group17/final_ws/install/group17_final/share/group17_final/hook/cmake_prefix_path.dsv'
[17.340s] INFO:colcon.colcon_core.shell:Creating environment hook '/home/keyur/empm809y_cpp/Cpp_projects/Final-Group17/final_ws/install/group17_final/share/group17_final/hook/cmake_prefix_path.sh'
[17.344s] Level 1:colcon.colcon_core.environment:checking '/home/keyur/empm809y_cpp/Cpp_projects/Final-Group17/final_ws/install/group17_final/bin'
[17.344s] Level 1:colcon.colcon_core.environment:checking '/home/keyur/empm809y_cpp/Cpp_projects/Final-Group17/final_ws/install/group17_final/lib/pkgconfig/group17_final.pc'
[17.345s] Level 1:colcon.colcon_core.environment:checking '/home/keyur/empm809y_cpp/Cpp_projects/Final-Group17/final_ws/install/group17_final/lib/python3.8/site-packages'
[17.345s] Level 1:colcon.colcon_core.environment:checking '/home/keyur/empm809y_cpp/Cpp_projects/Final-Group17/final_ws/install/group17_final/bin'
[17.413s] INFO:colcon.colcon_core.shell:Creating package script '/home/keyur/empm809y_cpp/Cpp_projects/Final-Group17/final_ws/install/group17_final/share/group17_final/package.ps1'
[17.414s] INFO:colcon.colcon_core.shell:Creating package descriptor '/home/keyur/empm809y_cpp/Cpp_projects/Final-Group17/final_ws/install/group17_final/share/group17_final/package.dsv'
[17.416s] INFO:colcon.colcon_core.shell:Creating package script '/home/keyur/empm809y_cpp/Cpp_projects/Final-Group17/final_ws/install/group17_final/share/group17_final/package.sh'
[17.417s] INFO:colcon.colcon_core.shell:Creating package script '/home/keyur/empm809y_cpp/Cpp_projects/Final-Group17/final_ws/install/group17_final/share/group17_final/package.bash'
[17.443s] INFO:colcon.colcon_core.shell:Creating package script '/home/keyur/empm809y_cpp/Cpp_projects/Final-Group17/final_ws/install/group17_final/share/group17_final/package.zsh'
[17.459s] Level 1:colcon.colcon_core.environment:create_file_with_runtime_dependencies(/home/keyur/empm809y_cpp/Cpp_projects/Final-Group17/final_ws/install/group17_final/share/colcon-core/packages/group17_final)
[17.470s] DEBUG:colcon.colcon_parallel_executor.executor.parallel:closing loop
[17.470s] DEBUG:colcon.colcon_parallel_executor.executor.parallel:loop closed
[17.471s] DEBUG:colcon.colcon_parallel_executor.executor.parallel:run_until_complete finished with '2'
[17.471s] DEBUG:colcon.colcon_core.event_reactor:joining thread
[17.685s] INFO:colcon.colcon_core.plugin_system:Skipping extension 'colcon_notification.desktop_notification.terminal_notifier': Not used on non-Darwin systems
[17.685s] INFO:colcon.colcon_core.plugin_system:Skipping extension 'colcon_notification.desktop_notification.win32': Not used on non-Windows systems
[17.686s] INFO:colcon.colcon_notification.desktop_notification:Sending desktop notification using 'notify2'
[18.112s] DEBUG:colcon.colcon_core.event_reactor:joined thread
[18.175s] INFO:colcon.colcon_core.shell:Creating prefix script '/home/keyur/empm809y_cpp/Cpp_projects/Final-Group17/final_ws/install/local_setup.ps1'
[18.176s] INFO:colcon.colcon_core.shell:Creating prefix util module '/home/keyur/empm809y_cpp/Cpp_projects/Final-Group17/final_ws/install/_local_setup_util_ps1.py'
[18.221s] INFO:colcon.colcon_core.shell:Creating prefix chain script '/home/keyur/empm809y_cpp/Cpp_projects/Final-Group17/final_ws/install/setup.ps1'
[18.283s] INFO:colcon.colcon_core.shell:Creating prefix script '/home/keyur/empm809y_cpp/Cpp_projects/Final-Group17/final_ws/install/local_setup.sh'
[18.307s] INFO:colcon.colcon_core.shell:Creating prefix util module '/home/keyur/empm809y_cpp/Cpp_projects/Final-Group17/final_ws/install/_local_setup_util_sh.py'
[18.307s] INFO:colcon.colcon_core.shell:Creating prefix chain script '/home/keyur/empm809y_cpp/Cpp_projects/Final-Group17/final_ws/install/setup.sh'
[18.362s] INFO:colcon.colcon_core.shell:Creating prefix script '/home/keyur/empm809y_cpp/Cpp_projects/Final-Group17/final_ws/install/local_setup.bash'
[18.363s] INFO:colcon.colcon_core.shell:Creating prefix chain script '/home/keyur/empm809y_cpp/Cpp_projects/Final-Group17/final_ws/install/setup.bash'
[18.416s] INFO:colcon.colcon_core.shell:Creating prefix script '/home/keyur/empm809y_cpp/Cpp_projects/Final-Group17/final_ws/install/local_setup.zsh'
[18.417s] INFO:colcon.colcon_core.shell:Creating prefix chain script '/home/keyur/empm809y_cpp/Cpp_projects/Final-Group17/final_ws/install/setup.zsh'
