[0.884s] Invoking command in '/home/keyur/empm809y_cpp/Cpp_projects/Final-Group17/final_ws/build/mage_msgs': CMAKE_PREFIX_PATH=${CMAKE_PREFIX_PATH}:/home/keyur/empm809y_cpp/Cpp_projects/RWA3-Group17/rwa3_ws/install/ros2_aruco:/opt/ros/galactic /usr/bin/cmake --build /home/keyur/empm809y_cpp/Cpp_projects/Final-Group17/final_ws/build/mage_msgs -- -j8 -l8
[1.439s] [  1%] Built target mage_msgs__cpp
[1.440s] [ 12%] Built target mage_msgs__rosidl_generator_c
[1.440s] [ 23%] Built target mage_msgs__rosidl_typesupport_cpp
[1.440s] [ 35%] Built target mage_msgs__rosidl_typesupport_introspection_cpp
[1.440s] [ 46%] Built target mage_msgs__rosidl_typesupport_introspection_c
[1.441s] [ 57%] Built target mage_msgs__rosidl_typesupport_fastrtps_cpp
[1.441s] [ 69%] Built target mage_msgs__rosidl_typesupport_c
[1.441s] [ 80%] Built target mage_msgs__rosidl_typesupport_fastrtps_c
[1.442s] [ 80%] Built target mage_msgs
[1.443s] [ 81%] Built target mage_msgs__py
[1.444s] [ 91%] Built target mage_msgs__python
[1.445s] [100%] Built target mage_msgs__rosidl_typesupport_introspection_c__pyext
[1.445s] [100%] Built target mage_msgs__rosidl_typesupport_fastrtps_c__pyext
[1.446s] [100%] Built target mage_msgs__rosidl_typesupport_c__pyext
[1.453s] Invoked command in '/home/keyur/empm809y_cpp/Cpp_projects/Final-Group17/final_ws/build/mage_msgs' returned '0': CMAKE_PREFIX_PATH=${CMAKE_PREFIX_PATH}:/home/keyur/empm809y_cpp/Cpp_projects/RWA3-Group17/rwa3_ws/install/ros2_aruco:/opt/ros/galactic /usr/bin/cmake --build /home/keyur/empm809y_cpp/Cpp_projects/Final-Group17/final_ws/build/mage_msgs -- -j8 -l8
[1.630s] Invoking command in '/home/keyur/empm809y_cpp/Cpp_projects/Final-Group17/final_ws/build/mage_msgs': CMAKE_PREFIX_PATH=${CMAKE_PREFIX_PATH}:/home/keyur/empm809y_cpp/Cpp_projects/RWA3-Group17/rwa3_ws/install/ros2_aruco:/opt/ros/galactic /usr/bin/cmake --install /home/keyur/empm809y_cpp/Cpp_projects/Final-Group17/final_ws/build/mage_msgs
[1.641s] -- Install configuration: ""
[1.641s] -- Up-to-date: /home/keyur/empm809y_cpp/Cpp_projects/Final-Group17/final_ws/install/mage_msgs/share/ament_index/resource_index/rosidl_interfaces/mage_msgs
[1.641s] -- Up-to-date: /home/keyur/empm809y_cpp/Cpp_projects/Final-Group17/final_ws/install/mage_msgs/include/mage_msgs
[1.641s] -- Up-to-date: /home/keyur/empm809y_cpp/Cpp_projects/Final-Group17/final_ws/install/mage_msgs/include/mage_msgs/msg
[1.642s] -- Up-to-date: /home/keyur/empm809y_cpp/Cpp_projects/Final-Group17/final_ws/install/mage_msgs/include/mage_msgs/msg/marker_array.h
[1.642s] -- Up-to-date: /home/keyur/empm809y_cpp/Cpp_projects/Final-Group17/final_ws/install/mage_msgs/include/mage_msgs/msg/sensors.h
[1.642s] -- Up-to-date: /home/keyur/empm809y_cpp/Cpp_projects/Final-Group17/final_ws/install/mage_msgs/include/mage_msgs/msg/part_pose.h
[1.642s] -- Up-to-date: /home/keyur/empm809y_cpp/Cpp_projects/Final-Group17/final_ws/install/mage_msgs/include/mage_msgs/msg/rosidl_generator_c__visibility_control.h
[1.642s] -- Up-to-date: /home/keyur/empm809y_cpp/Cpp_projects/Final-Group17/final_ws/install/mage_msgs/include/mage_msgs/msg/marker.h
[1.643s] -- Up-to-date: /home/keyur/empm809y_cpp/Cpp_projects/Final-Group17/final_ws/install/mage_msgs/include/mage_msgs/msg/part.h
[1.643s] -- Up-to-date: /home/keyur/empm809y_cpp/Cpp_projects/Final-Group17/final_ws/install/mage_msgs/include/mage_msgs/msg/detail
[1.643s] -- Up-to-date: /home/keyur/empm809y_cpp/Cpp_projects/Final-Group17/final_ws/install/mage_msgs/include/mage_msgs/msg/detail/sensors__type_support.h
[1.643s] -- Up-to-date: /home/keyur/empm809y_cpp/Cpp_projects/Final-Group17/final_ws/install/mage_msgs/include/mage_msgs/msg/detail/marker__struct.h
[1.643s] -- Up-to-date: /home/keyur/empm809y_cpp/Cpp_projects/Final-Group17/final_ws/install/mage_msgs/include/mage_msgs/msg/detail/part__struct.h
[1.643s] -- Up-to-date: /home/keyur/empm809y_cpp/Cpp_projects/Final-Group17/final_ws/install/mage_msgs/include/mage_msgs/msg/detail/marker__functions.h
[1.643s] -- Up-to-date: /home/keyur/empm809y_cpp/Cpp_projects/Final-Group17/final_ws/install/mage_msgs/include/mage_msgs/msg/detail/part_pose__struct.h
[1.644s] -- Up-to-date: /home/keyur/empm809y_cpp/Cpp_projects/Final-Group17/final_ws/install/mage_msgs/include/mage_msgs/msg/detail/advanced_logical_camera_image__functions.h
[1.644s] -- Up-to-date: /home/keyur/empm809y_cpp/Cpp_projects/Final-Group17/final_ws/install/mage_msgs/include/mage_msgs/msg/detail/marker_array__functions.c
[1.644s] -- Up-to-date: /home/keyur/empm809y_cpp/Cpp_projects/Final-Group17/final_ws/install/mage_msgs/include/mage_msgs/msg/detail/advanced_logical_camera_image__type_support.h
[1.644s] -- Up-to-date: /home/keyur/empm809y_cpp/Cpp_projects/Final-Group17/final_ws/install/mage_msgs/include/mage_msgs/msg/detail/part_pose__functions.h
[1.644s] -- Up-to-date: /home/keyur/empm809y_cpp/Cpp_projects/Final-Group17/final_ws/install/mage_msgs/include/mage_msgs/msg/detail/sensors__struct.h
[1.644s] -- Up-to-date: /home/keyur/empm809y_cpp/Cpp_projects/Final-Group17/final_ws/install/mage_msgs/include/mage_msgs/msg/detail/sensors__functions.h
[1.644s] -- Up-to-date: /home/keyur/empm809y_cpp/Cpp_projects/Final-Group17/final_ws/install/mage_msgs/include/mage_msgs/msg/detail/marker_array__functions.h
[1.644s] -- Up-to-date: /home/keyur/empm809y_cpp/Cpp_projects/Final-Group17/final_ws/install/mage_msgs/include/mage_msgs/msg/detail/advanced_logical_camera_image__functions.c
[1.645s] -- Up-to-date: /home/keyur/empm809y_cpp/Cpp_projects/Final-Group17/final_ws/install/mage_msgs/include/mage_msgs/msg/detail/part_pose__type_support.h
[1.645s] -- Up-to-date: /home/keyur/empm809y_cpp/Cpp_projects/Final-Group17/final_ws/install/mage_msgs/include/mage_msgs/msg/detail/part__type_support.h
[1.645s] -- Up-to-date: /home/keyur/empm809y_cpp/Cpp_projects/Final-Group17/final_ws/install/mage_msgs/include/mage_msgs/msg/detail/advanced_logical_camera_image__struct.h
[1.645s] -- Up-to-date: /home/keyur/empm809y_cpp/Cpp_projects/Final-Group17/final_ws/install/mage_msgs/include/mage_msgs/msg/detail/marker__type_support.h
[1.645s] -- Up-to-date: /home/keyur/empm809y_cpp/Cpp_projects/Final-Group17/final_ws/install/mage_msgs/include/mage_msgs/msg/detail/part__functions.c
[1.645s] -- Up-to-date: /home/keyur/empm809y_cpp/Cpp_projects/Final-Group17/final_ws/install/mage_msgs/include/mage_msgs/msg/detail/marker__functions.c
[1.645s] -- Up-to-date: /home/keyur/empm809y_cpp/Cpp_projects/Final-Group17/final_ws/install/mage_msgs/include/mage_msgs/msg/detail/sensors__functions.c
[1.646s] -- Up-to-date: /home/keyur/empm809y_cpp/Cpp_projects/Final-Group17/final_ws/install/mage_msgs/include/mage_msgs/msg/detail/marker_array__struct.h
[1.646s] -- Up-to-date: /home/keyur/empm809y_cpp/Cpp_projects/Final-Group17/final_ws/install/mage_msgs/include/mage_msgs/msg/detail/part__functions.h
[1.646s] -- Up-to-date: /home/keyur/empm809y_cpp/Cpp_projects/Final-Group17/final_ws/install/mage_msgs/include/mage_msgs/msg/detail/marker_array__type_support.h
[1.646s] -- Up-to-date: /home/keyur/empm809y_cpp/Cpp_projects/Final-Group17/final_ws/install/mage_msgs/include/mage_msgs/msg/detail/part_pose__functions.c
[1.646s] -- Up-to-date: /home/keyur/empm809y_cpp/Cpp_projects/Final-Group17/final_ws/install/mage_msgs/include/mage_msgs/msg/advanced_logical_camera_image.h
[1.646s] -- Up-to-date: /home/keyur/empm809y_cpp/Cpp_projects/Final-Group17/final_ws/install/mage_msgs/share/mage_msgs/environment/library_path.sh
[1.646s] -- Up-to-date: /home/keyur/empm809y_cpp/Cpp_projects/Final-Group17/final_ws/install/mage_msgs/share/mage_msgs/environment/library_path.dsv
[1.646s] -- Up-to-date: /home/keyur/empm809y_cpp/Cpp_projects/Final-Group17/final_ws/install/mage_msgs/lib/libmage_msgs__rosidl_generator_c.so
[1.647s] -- Up-to-date: /home/keyur/empm809y_cpp/Cpp_projects/Final-Group17/final_ws/install/mage_msgs/include/mage_msgs
[1.647s] -- Up-to-date: /home/keyur/empm809y_cpp/Cpp_projects/Final-Group17/final_ws/install/mage_msgs/include/mage_msgs/msg
[1.647s] -- Up-to-date: /home/keyur/empm809y_cpp/Cpp_projects/Final-Group17/final_ws/install/mage_msgs/include/mage_msgs/msg/rosidl_typesupport_fastrtps_c__visibility_control.h
[1.647s] -- Up-to-date: /home/keyur/empm809y_cpp/Cpp_projects/Final-Group17/final_ws/install/mage_msgs/include/mage_msgs/msg/detail
[1.647s] -- Up-to-date: /home/keyur/empm809y_cpp/Cpp_projects/Final-Group17/final_ws/install/mage_msgs/include/mage_msgs/msg/detail/marker_array__rosidl_typesupport_fastrtps_c.h
[1.648s] -- Up-to-date: /home/keyur/empm809y_cpp/Cpp_projects/Final-Group17/final_ws/install/mage_msgs/include/mage_msgs/msg/detail/sensors__rosidl_typesupport_fastrtps_c.h
[1.648s] -- Up-to-date: /home/keyur/empm809y_cpp/Cpp_projects/Final-Group17/final_ws/install/mage_msgs/include/mage_msgs/msg/detail/part__rosidl_typesupport_fastrtps_c.h
[1.648s] -- Up-to-date: /home/keyur/empm809y_cpp/Cpp_projects/Final-Group17/final_ws/install/mage_msgs/include/mage_msgs/msg/detail/advanced_logical_camera_image__rosidl_typesupport_fastrtps_c.h
[1.648s] -- Up-to-date: /home/keyur/empm809y_cpp/Cpp_projects/Final-Group17/final_ws/install/mage_msgs/include/mage_msgs/msg/detail/marker__rosidl_typesupport_fastrtps_c.h
[1.648s] -- Up-to-date: /home/keyur/empm809y_cpp/Cpp_projects/Final-Group17/final_ws/install/mage_msgs/include/mage_msgs/msg/detail/part_pose__rosidl_typesupport_fastrtps_c.h
[1.648s] -- Up-to-date: /home/keyur/empm809y_cpp/Cpp_projects/Final-Group17/final_ws/install/mage_msgs/lib/libmage_msgs__rosidl_typesupport_fastrtps_c.so
[1.648s] -- Up-to-date: /home/keyur/empm809y_cpp/Cpp_projects/Final-Group17/final_ws/install/mage_msgs/include/mage_msgs
[1.649s] -- Up-to-date: /home/keyur/empm809y_cpp/Cpp_projects/Final-Group17/final_ws/install/mage_msgs/include/mage_msgs/msg
[1.649s] -- Up-to-date: /home/keyur/empm809y_cpp/Cpp_projects/Final-Group17/final_ws/install/mage_msgs/include/mage_msgs/msg/rosidl_typesupport_fastrtps_cpp__visibility_control.h
[1.650s] -- Up-to-date: /home/keyur/empm809y_cpp/Cpp_projects/Final-Group17/final_ws/install/mage_msgs/include/mage_msgs/msg/detail
[1.650s] -- Up-to-date: /home/keyur/empm809y_cpp/Cpp_projects/Final-Group17/final_ws/install/mage_msgs/include/mage_msgs/msg/detail/part__rosidl_typesupport_fastrtps_cpp.hpp
[1.650s] -- Up-to-date: /home/keyur/empm809y_cpp/Cpp_projects/Final-Group17/final_ws/install/mage_msgs/include/mage_msgs/msg/detail/marker_array__rosidl_typesupport_fastrtps_cpp.hpp
[1.650s] -- Up-to-date: /home/keyur/empm809y_cpp/Cpp_projects/Final-Group17/final_ws/install/mage_msgs/include/mage_msgs/msg/detail/sensors__rosidl_typesupport_fastrtps_cpp.hpp
[1.650s] -- Up-to-date: /home/keyur/empm809y_cpp/Cpp_projects/Final-Group17/final_ws/install/mage_msgs/include/mage_msgs/msg/detail/advanced_logical_camera_image__rosidl_typesupport_fastrtps_cpp.hpp
[1.650s] -- Up-to-date: /home/keyur/empm809y_cpp/Cpp_projects/Final-Group17/final_ws/install/mage_msgs/include/mage_msgs/msg/detail/dds_fastrtps
[1.651s] -- Up-to-date: /home/keyur/empm809y_cpp/Cpp_projects/Final-Group17/final_ws/install/mage_msgs/include/mage_msgs/msg/detail/marker__rosidl_typesupport_fastrtps_cpp.hpp
[1.651s] -- Up-to-date: /home/keyur/empm809y_cpp/Cpp_projects/Final-Group17/final_ws/install/mage_msgs/include/mage_msgs/msg/detail/part_pose__rosidl_typesupport_fastrtps_cpp.hpp
[1.651s] -- Up-to-date: /home/keyur/empm809y_cpp/Cpp_projects/Final-Group17/final_ws/install/mage_msgs/lib/libmage_msgs__rosidl_typesupport_fastrtps_cpp.so
[1.651s] -- Up-to-date: /home/keyur/empm809y_cpp/Cpp_projects/Final-Group17/final_ws/install/mage_msgs/include/mage_msgs
[1.651s] -- Up-to-date: /home/keyur/empm809y_cpp/Cpp_projects/Final-Group17/final_ws/install/mage_msgs/include/mage_msgs/msg
[1.652s] -- Up-to-date: /home/keyur/empm809y_cpp/Cpp_projects/Final-Group17/final_ws/install/mage_msgs/include/mage_msgs/msg/rosidl_typesupport_introspection_c__visibility_control.h
[1.652s] -- Up-to-date: /home/keyur/empm809y_cpp/Cpp_projects/Final-Group17/final_ws/install/mage_msgs/include/mage_msgs/msg/detail
[1.652s] -- Up-to-date: /home/keyur/empm809y_cpp/Cpp_projects/Final-Group17/final_ws/install/mage_msgs/include/mage_msgs/msg/detail/sensors__type_support.c
[1.652s] -- Up-to-date: /home/keyur/empm809y_cpp/Cpp_projects/Final-Group17/final_ws/install/mage_msgs/include/mage_msgs/msg/detail/marker_array__type_support.c
[1.652s] -- Up-to-date: /home/keyur/empm809y_cpp/Cpp_projects/Final-Group17/final_ws/install/mage_msgs/include/mage_msgs/msg/detail/part__type_support.c
[1.652s] -- Up-to-date: /home/keyur/empm809y_cpp/Cpp_projects/Final-Group17/final_ws/install/mage_msgs/include/mage_msgs/msg/detail/marker_array__rosidl_typesupport_introspection_c.h
[1.652s] -- Up-to-date: /home/keyur/empm809y_cpp/Cpp_projects/Final-Group17/final_ws/install/mage_msgs/include/mage_msgs/msg/detail/advanced_logical_camera_image__rosidl_typesupport_introspection_c.h
[1.652s] -- Up-to-date: /home/keyur/empm809y_cpp/Cpp_projects/Final-Group17/final_ws/install/mage_msgs/include/mage_msgs/msg/detail/advanced_logical_camera_image__type_support.c
[1.652s] -- Up-to-date: /home/keyur/empm809y_cpp/Cpp_projects/Final-Group17/final_ws/install/mage_msgs/include/mage_msgs/msg/detail/part__rosidl_typesupport_introspection_c.h
[1.653s] -- Up-to-date: /home/keyur/empm809y_cpp/Cpp_projects/Final-Group17/final_ws/install/mage_msgs/include/mage_msgs/msg/detail/part_pose__type_support.c
[1.653s] -- Up-to-date: /home/keyur/empm809y_cpp/Cpp_projects/Final-Group17/final_ws/install/mage_msgs/include/mage_msgs/msg/detail/sensors__rosidl_typesupport_introspection_c.h
[1.653s] -- Up-to-date: /home/keyur/empm809y_cpp/Cpp_projects/Final-Group17/final_ws/install/mage_msgs/include/mage_msgs/msg/detail/part_pose__rosidl_typesupport_introspection_c.h
[1.653s] -- Up-to-date: /home/keyur/empm809y_cpp/Cpp_projects/Final-Group17/final_ws/install/mage_msgs/include/mage_msgs/msg/detail/marker__rosidl_typesupport_introspection_c.h
[1.653s] -- Up-to-date: /home/keyur/empm809y_cpp/Cpp_projects/Final-Group17/final_ws/install/mage_msgs/include/mage_msgs/msg/detail/marker__type_support.c
[1.653s] -- Up-to-date: /home/keyur/empm809y_cpp/Cpp_projects/Final-Group17/final_ws/install/mage_msgs/lib/libmage_msgs__rosidl_typesupport_introspection_c.so
[1.653s] -- Up-to-date: /home/keyur/empm809y_cpp/Cpp_projects/Final-Group17/final_ws/install/mage_msgs/lib/libmage_msgs__rosidl_typesupport_c.so
[1.653s] -- Up-to-date: /home/keyur/empm809y_cpp/Cpp_projects/Final-Group17/final_ws/install/mage_msgs/include/mage_msgs
[1.653s] -- Up-to-date: /home/keyur/empm809y_cpp/Cpp_projects/Final-Group17/final_ws/install/mage_msgs/include/mage_msgs/msg
[1.653s] -- Up-to-date: /home/keyur/empm809y_cpp/Cpp_projects/Final-Group17/final_ws/install/mage_msgs/include/mage_msgs/msg/advanced_logical_camera_image.hpp
[1.653s] -- Up-to-date: /home/keyur/empm809y_cpp/Cpp_projects/Final-Group17/final_ws/install/mage_msgs/include/mage_msgs/msg/marker_array.hpp
[1.653s] -- Up-to-date: /home/keyur/empm809y_cpp/Cpp_projects/Final-Group17/final_ws/install/mage_msgs/include/mage_msgs/msg/part.hpp
[1.653s] -- Up-to-date: /home/keyur/empm809y_cpp/Cpp_projects/Final-Group17/final_ws/install/mage_msgs/include/mage_msgs/msg/sensors.hpp
[1.654s] -- Up-to-date: /home/keyur/empm809y_cpp/Cpp_projects/Final-Group17/final_ws/install/mage_msgs/include/mage_msgs/msg/marker.hpp
[1.654s] -- Up-to-date: /home/keyur/empm809y_cpp/Cpp_projects/Final-Group17/final_ws/install/mage_msgs/include/mage_msgs/msg/part_pose.hpp
[1.654s] -- Up-to-date: /home/keyur/empm809y_cpp/Cpp_projects/Final-Group17/final_ws/install/mage_msgs/include/mage_msgs/msg/detail
[1.654s] -- Up-to-date: /home/keyur/empm809y_cpp/Cpp_projects/Final-Group17/final_ws/install/mage_msgs/include/mage_msgs/msg/detail/marker__traits.hpp
[1.654s] -- Up-to-date: /home/keyur/empm809y_cpp/Cpp_projects/Final-Group17/final_ws/install/mage_msgs/include/mage_msgs/msg/detail/marker__struct.hpp
[1.654s] -- Up-to-date: /home/keyur/empm809y_cpp/Cpp_projects/Final-Group17/final_ws/install/mage_msgs/include/mage_msgs/msg/detail/sensors__traits.hpp
[1.654s] -- Up-to-date: /home/keyur/empm809y_cpp/Cpp_projects/Final-Group17/final_ws/install/mage_msgs/include/mage_msgs/msg/detail/marker_array__struct.hpp
[1.654s] -- Up-to-date: /home/keyur/empm809y_cpp/Cpp_projects/Final-Group17/final_ws/install/mage_msgs/include/mage_msgs/msg/detail/part_pose__traits.hpp
[1.654s] -- Up-to-date: /home/keyur/empm809y_cpp/Cpp_projects/Final-Group17/final_ws/install/mage_msgs/include/mage_msgs/msg/detail/part__builder.hpp
[1.654s] -- Up-to-date: /home/keyur/empm809y_cpp/Cpp_projects/Final-Group17/final_ws/install/mage_msgs/include/mage_msgs/msg/detail/sensors__builder.hpp
[1.654s] -- Up-to-date: /home/keyur/empm809y_cpp/Cpp_projects/Final-Group17/final_ws/install/mage_msgs/include/mage_msgs/msg/detail/sensors__struct.hpp
[1.654s] -- Up-to-date: /home/keyur/empm809y_cpp/Cpp_projects/Final-Group17/final_ws/install/mage_msgs/include/mage_msgs/msg/detail/marker_array__builder.hpp
[1.654s] -- Up-to-date: /home/keyur/empm809y_cpp/Cpp_projects/Final-Group17/final_ws/install/mage_msgs/include/mage_msgs/msg/detail/advanced_logical_camera_image__struct.hpp
[1.654s] -- Up-to-date: /home/keyur/empm809y_cpp/Cpp_projects/Final-Group17/final_ws/install/mage_msgs/include/mage_msgs/msg/detail/part__traits.hpp
[1.654s] -- Up-to-date: /home/keyur/empm809y_cpp/Cpp_projects/Final-Group17/final_ws/install/mage_msgs/include/mage_msgs/msg/detail/part__struct.hpp
[1.655s] -- Up-to-date: /home/keyur/empm809y_cpp/Cpp_projects/Final-Group17/final_ws/install/mage_msgs/include/mage_msgs/msg/detail/marker__builder.hpp
[1.655s] -- Up-to-date: /home/keyur/empm809y_cpp/Cpp_projects/Final-Group17/final_ws/install/mage_msgs/include/mage_msgs/msg/detail/part_pose__struct.hpp
[1.655s] -- Up-to-date: /home/keyur/empm809y_cpp/Cpp_projects/Final-Group17/final_ws/install/mage_msgs/include/mage_msgs/msg/detail/marker_array__traits.hpp
[1.655s] -- Up-to-date: /home/keyur/empm809y_cpp/Cpp_projects/Final-Group17/final_ws/install/mage_msgs/include/mage_msgs/msg/detail/advanced_logical_camera_image__builder.hpp
[1.655s] -- Up-to-date: /home/keyur/empm809y_cpp/Cpp_projects/Final-Group17/final_ws/install/mage_msgs/include/mage_msgs/msg/detail/part_pose__builder.hpp
[1.655s] -- Up-to-date: /home/keyur/empm809y_cpp/Cpp_projects/Final-Group17/final_ws/install/mage_msgs/include/mage_msgs/msg/detail/advanced_logical_camera_image__traits.hpp
[1.655s] -- Up-to-date: /home/keyur/empm809y_cpp/Cpp_projects/Final-Group17/final_ws/install/mage_msgs/include/mage_msgs
[1.655s] -- Up-to-date: /home/keyur/empm809y_cpp/Cpp_projects/Final-Group17/final_ws/install/mage_msgs/include/mage_msgs/msg
[1.655s] -- Up-to-date: /home/keyur/empm809y_cpp/Cpp_projects/Final-Group17/final_ws/install/mage_msgs/include/mage_msgs/msg/detail
[1.655s] -- Up-to-date: /home/keyur/empm809y_cpp/Cpp_projects/Final-Group17/final_ws/install/mage_msgs/include/mage_msgs/msg/detail/marker__rosidl_typesupport_introspection_cpp.hpp
[1.655s] -- Up-to-date: /home/keyur/empm809y_cpp/Cpp_projects/Final-Group17/final_ws/install/mage_msgs/include/mage_msgs/msg/detail/advanced_logical_camera_image__type_support.cpp
[1.655s] -- Up-to-date: /home/keyur/empm809y_cpp/Cpp_projects/Final-Group17/final_ws/install/mage_msgs/include/mage_msgs/msg/detail/sensors__rosidl_typesupport_introspection_cpp.hpp
[1.655s] -- Up-to-date: /home/keyur/empm809y_cpp/Cpp_projects/Final-Group17/final_ws/install/mage_msgs/include/mage_msgs/msg/detail/advanced_logical_camera_image__rosidl_typesupport_introspection_cpp.hpp
[1.656s] -- Up-to-date: /home/keyur/empm809y_cpp/Cpp_projects/Final-Group17/final_ws/install/mage_msgs/include/mage_msgs/msg/detail/sensors__type_support.cpp
[1.656s] -- Up-to-date: /home/keyur/empm809y_cpp/Cpp_projects/Final-Group17/final_ws/install/mage_msgs/include/mage_msgs/msg/detail/part_pose__rosidl_typesupport_introspection_cpp.hpp
[1.656s] -- Up-to-date: /home/keyur/empm809y_cpp/Cpp_projects/Final-Group17/final_ws/install/mage_msgs/include/mage_msgs/msg/detail/part__type_support.cpp
[1.656s] -- Up-to-date: /home/keyur/empm809y_cpp/Cpp_projects/Final-Group17/final_ws/install/mage_msgs/include/mage_msgs/msg/detail/part__rosidl_typesupport_introspection_cpp.hpp
[1.656s] -- Up-to-date: /home/keyur/empm809y_cpp/Cpp_projects/Final-Group17/final_ws/install/mage_msgs/include/mage_msgs/msg/detail/marker__type_support.cpp
[1.656s] -- Up-to-date: /home/keyur/empm809y_cpp/Cpp_projects/Final-Group17/final_ws/install/mage_msgs/include/mage_msgs/msg/detail/marker_array__type_support.cpp
[1.656s] -- Up-to-date: /home/keyur/empm809y_cpp/Cpp_projects/Final-Group17/final_ws/install/mage_msgs/include/mage_msgs/msg/detail/marker_array__rosidl_typesupport_introspection_cpp.hpp
[1.656s] -- Up-to-date: /home/keyur/empm809y_cpp/Cpp_projects/Final-Group17/final_ws/install/mage_msgs/include/mage_msgs/msg/detail/part_pose__type_support.cpp
[1.656s] -- Up-to-date: /home/keyur/empm809y_cpp/Cpp_projects/Final-Group17/final_ws/install/mage_msgs/lib/libmage_msgs__rosidl_typesupport_introspection_cpp.so
[1.656s] -- Up-to-date: /home/keyur/empm809y_cpp/Cpp_projects/Final-Group17/final_ws/install/mage_msgs/lib/libmage_msgs__rosidl_typesupport_cpp.so
[1.656s] -- Up-to-date: /home/keyur/empm809y_cpp/Cpp_projects/Final-Group17/final_ws/install/mage_msgs/share/mage_msgs/environment/pythonpath.sh
[1.656s] -- Up-to-date: /home/keyur/empm809y_cpp/Cpp_projects/Final-Group17/final_ws/install/mage_msgs/share/mage_msgs/environment/pythonpath.dsv
[1.656s] -- Up-to-date: /home/keyur/empm809y_cpp/Cpp_projects/Final-Group17/final_ws/install/mage_msgs/lib/python3.8/site-packages/mage_msgs/__init__.py
[1.694s] -- Up-to-date: /home/keyur/empm809y_cpp/Cpp_projects/Final-Group17/final_ws/install/mage_msgs/lib/python3.8/site-packages/mage_msgs/msg
[1.694s] -- Up-to-date: /home/keyur/empm809y_cpp/Cpp_projects/Final-Group17/final_ws/install/mage_msgs/lib/python3.8/site-packages/mage_msgs/msg/_sensors_s.c
[1.694s] -- Up-to-date: /home/keyur/empm809y_cpp/Cpp_projects/Final-Group17/final_ws/install/mage_msgs/lib/python3.8/site-packages/mage_msgs/msg/_part_s.c
[1.694s] -- Up-to-date: /home/keyur/empm809y_cpp/Cpp_projects/Final-Group17/final_ws/install/mage_msgs/lib/python3.8/site-packages/mage_msgs/msg/_marker_array.py
[1.694s] -- Up-to-date: /home/keyur/empm809y_cpp/Cpp_projects/Final-Group17/final_ws/install/mage_msgs/lib/python3.8/site-packages/mage_msgs/msg/_marker_s.c
[1.695s] -- Up-to-date: /home/keyur/empm809y_cpp/Cpp_projects/Final-Group17/final_ws/install/mage_msgs/lib/python3.8/site-packages/mage_msgs/msg/_part_pose.py
[1.695s] -- Up-to-date: /home/keyur/empm809y_cpp/Cpp_projects/Final-Group17/final_ws/install/mage_msgs/lib/python3.8/site-packages/mage_msgs/msg/_sensors.py
[1.695s] -- Up-to-date: /home/keyur/empm809y_cpp/Cpp_projects/Final-Group17/final_ws/install/mage_msgs/lib/python3.8/site-packages/mage_msgs/msg/_part_pose_s.c
[1.695s] -- Up-to-date: /home/keyur/empm809y_cpp/Cpp_projects/Final-Group17/final_ws/install/mage_msgs/lib/python3.8/site-packages/mage_msgs/msg/__init__.py
[1.695s] -- Up-to-date: /home/keyur/empm809y_cpp/Cpp_projects/Final-Group17/final_ws/install/mage_msgs/lib/python3.8/site-packages/mage_msgs/msg/_marker_array_s.c
[1.695s] -- Up-to-date: /home/keyur/empm809y_cpp/Cpp_projects/Final-Group17/final_ws/install/mage_msgs/lib/python3.8/site-packages/mage_msgs/msg/_part.py
[1.695s] -- Up-to-date: /home/keyur/empm809y_cpp/Cpp_projects/Final-Group17/final_ws/install/mage_msgs/lib/python3.8/site-packages/mage_msgs/msg/_marker.py
[1.696s] -- Up-to-date: /home/keyur/empm809y_cpp/Cpp_projects/Final-Group17/final_ws/install/mage_msgs/lib/python3.8/site-packages/mage_msgs/msg/_advanced_logical_camera_image.py
[1.696s] -- Up-to-date: /home/keyur/empm809y_cpp/Cpp_projects/Final-Group17/final_ws/install/mage_msgs/lib/python3.8/site-packages/mage_msgs/msg/_advanced_logical_camera_image_s.c
[1.696s] -- Up-to-date: /home/keyur/empm809y_cpp/Cpp_projects/Final-Group17/final_ws/install/mage_msgs/lib/python3.8/site-packages/mage_msgs/mage_msgs_s__rosidl_typesupport_fastrtps_c.cpython-38-x86_64-linux-gnu.so
[1.696s] -- Up-to-date: /home/keyur/empm809y_cpp/Cpp_projects/Final-Group17/final_ws/install/mage_msgs/lib/python3.8/site-packages/mage_msgs/mage_msgs_s__rosidl_typesupport_introspection_c.cpython-38-x86_64-linux-gnu.so
[1.696s] -- Up-to-date: /home/keyur/empm809y_cpp/Cpp_projects/Final-Group17/final_ws/install/mage_msgs/lib/python3.8/site-packages/mage_msgs/mage_msgs_s__rosidl_typesupport_c.cpython-38-x86_64-linux-gnu.so
[1.697s] -- Up-to-date: /home/keyur/empm809y_cpp/Cpp_projects/Final-Group17/final_ws/install/mage_msgs/lib/libmage_msgs__python.so
[1.697s] -- Up-to-date: /home/keyur/empm809y_cpp/Cpp_projects/Final-Group17/final_ws/install/mage_msgs/share/mage_msgs/msg/AdvancedLogicalCameraImage.idl
[1.698s] -- Up-to-date: /home/keyur/empm809y_cpp/Cpp_projects/Final-Group17/final_ws/install/mage_msgs/share/mage_msgs/msg/Part.idl
[1.698s] -- Up-to-date: /home/keyur/empm809y_cpp/Cpp_projects/Final-Group17/final_ws/install/mage_msgs/share/mage_msgs/msg/PartPose.idl
[1.698s] -- Up-to-date: /home/keyur/empm809y_cpp/Cpp_projects/Final-Group17/final_ws/install/mage_msgs/share/mage_msgs/msg/Sensors.idl
[1.698s] -- Up-to-date: /home/keyur/empm809y_cpp/Cpp_projects/Final-Group17/final_ws/install/mage_msgs/share/mage_msgs/msg/Marker.idl
[1.699s] -- Up-to-date: /home/keyur/empm809y_cpp/Cpp_projects/Final-Group17/final_ws/install/mage_msgs/share/mage_msgs/msg/MarkerArray.idl
[1.699s] -- Up-to-date: /home/keyur/empm809y_cpp/Cpp_projects/Final-Group17/final_ws/install/mage_msgs/share/mage_msgs/msg/AdvancedLogicalCameraImage.msg
[1.699s] -- Up-to-date: /home/keyur/empm809y_cpp/Cpp_projects/Final-Group17/final_ws/install/mage_msgs/share/mage_msgs/msg/Part.msg
[1.700s] -- Up-to-date: /home/keyur/empm809y_cpp/Cpp_projects/Final-Group17/final_ws/install/mage_msgs/share/mage_msgs/msg/PartPose.msg
[1.700s] -- Up-to-date: /home/keyur/empm809y_cpp/Cpp_projects/Final-Group17/final_ws/install/mage_msgs/share/mage_msgs/msg/Sensors.msg
[1.700s] -- Up-to-date: /home/keyur/empm809y_cpp/Cpp_projects/Final-Group17/final_ws/install/mage_msgs/share/mage_msgs/msg/Marker.msg
[1.700s] -- Up-to-date: /home/keyur/empm809y_cpp/Cpp_projects/Final-Group17/final_ws/install/mage_msgs/share/mage_msgs/msg/MarkerArray.msg
[1.700s] -- Up-to-date: /home/keyur/empm809y_cpp/Cpp_projects/Final-Group17/final_ws/install/mage_msgs/share/ament_index/resource_index/package_run_dependencies/mage_msgs
[1.700s] -- Up-to-date: /home/keyur/empm809y_cpp/Cpp_projects/Final-Group17/final_ws/install/mage_msgs/share/ament_index/resource_index/parent_prefix_path/mage_msgs
[1.701s] -- Up-to-date: /home/keyur/empm809y_cpp/Cpp_projects/Final-Group17/final_ws/install/mage_msgs/share/mage_msgs/environment/ament_prefix_path.sh
[1.701s] -- Up-to-date: /home/keyur/empm809y_cpp/Cpp_projects/Final-Group17/final_ws/install/mage_msgs/share/mage_msgs/environment/ament_prefix_path.dsv
[1.701s] -- Up-to-date: /home/keyur/empm809y_cpp/Cpp_projects/Final-Group17/final_ws/install/mage_msgs/share/mage_msgs/environment/path.sh
[1.701s] -- Up-to-date: /home/keyur/empm809y_cpp/Cpp_projects/Final-Group17/final_ws/install/mage_msgs/share/mage_msgs/environment/path.dsv
[1.701s] -- Up-to-date: /home/keyur/empm809y_cpp/Cpp_projects/Final-Group17/final_ws/install/mage_msgs/share/mage_msgs/local_setup.bash
[1.701s] -- Up-to-date: /home/keyur/empm809y_cpp/Cpp_projects/Final-Group17/final_ws/install/mage_msgs/share/mage_msgs/local_setup.sh
[1.702s] -- Up-to-date: /home/keyur/empm809y_cpp/Cpp_projects/Final-Group17/final_ws/install/mage_msgs/share/mage_msgs/local_setup.zsh
[1.702s] -- Up-to-date: /home/keyur/empm809y_cpp/Cpp_projects/Final-Group17/final_ws/install/mage_msgs/share/mage_msgs/local_setup.dsv
[1.702s] -- Installing: /home/keyur/empm809y_cpp/Cpp_projects/Final-Group17/final_ws/install/mage_msgs/share/mage_msgs/package.dsv
[1.702s] -- Up-to-date: /home/keyur/empm809y_cpp/Cpp_projects/Final-Group17/final_ws/install/mage_msgs/share/ament_index/resource_index/packages/mage_msgs
[1.702s] -- Up-to-date: /home/keyur/empm809y_cpp/Cpp_projects/Final-Group17/final_ws/install/mage_msgs/share/mage_msgs/cmake/mage_msgs__rosidl_generator_cExport.cmake
[1.703s] -- Up-to-date: /home/keyur/empm809y_cpp/Cpp_projects/Final-Group17/final_ws/install/mage_msgs/share/mage_msgs/cmake/mage_msgs__rosidl_generator_cExport-noconfig.cmake
[1.703s] -- Up-to-date: /home/keyur/empm809y_cpp/Cpp_projects/Final-Group17/final_ws/install/mage_msgs/share/mage_msgs/cmake/mage_msgs__rosidl_typesupport_introspection_cExport.cmake
[1.703s] -- Up-to-date: /home/keyur/empm809y_cpp/Cpp_projects/Final-Group17/final_ws/install/mage_msgs/share/mage_msgs/cmake/mage_msgs__rosidl_typesupport_introspection_cExport-noconfig.cmake
[1.703s] -- Up-to-date: /home/keyur/empm809y_cpp/Cpp_projects/Final-Group17/final_ws/install/mage_msgs/share/mage_msgs/cmake/mage_msgs__rosidl_typesupport_cExport.cmake
[1.703s] -- Up-to-date: /home/keyur/empm809y_cpp/Cpp_projects/Final-Group17/final_ws/install/mage_msgs/share/mage_msgs/cmake/mage_msgs__rosidl_typesupport_cExport-noconfig.cmake
[1.704s] -- Up-to-date: /home/keyur/empm809y_cpp/Cpp_projects/Final-Group17/final_ws/install/mage_msgs/share/mage_msgs/cmake/mage_msgs__rosidl_generator_cppExport.cmake
[1.704s] -- Up-to-date: /home/keyur/empm809y_cpp/Cpp_projects/Final-Group17/final_ws/install/mage_msgs/share/mage_msgs/cmake/mage_msgs__rosidl_typesupport_introspection_cppExport.cmake
[1.704s] -- Up-to-date: /home/keyur/empm809y_cpp/Cpp_projects/Final-Group17/final_ws/install/mage_msgs/share/mage_msgs/cmake/mage_msgs__rosidl_typesupport_introspection_cppExport-noconfig.cmake
[1.704s] -- Up-to-date: /home/keyur/empm809y_cpp/Cpp_projects/Final-Group17/final_ws/install/mage_msgs/share/mage_msgs/cmake/mage_msgs__rosidl_typesupport_cppExport.cmake
[1.704s] -- Up-to-date: /home/keyur/empm809y_cpp/Cpp_projects/Final-Group17/final_ws/install/mage_msgs/share/mage_msgs/cmake/mage_msgs__rosidl_typesupport_cppExport-noconfig.cmake
[1.704s] -- Up-to-date: /home/keyur/empm809y_cpp/Cpp_projects/Final-Group17/final_ws/install/mage_msgs/share/mage_msgs/cmake/rosidl_cmake-extras.cmake
[1.704s] -- Up-to-date: /home/keyur/empm809y_cpp/Cpp_projects/Final-Group17/final_ws/install/mage_msgs/share/mage_msgs/cmake/ament_cmake_export_dependencies-extras.cmake
[1.705s] -- Up-to-date: /home/keyur/empm809y_cpp/Cpp_projects/Final-Group17/final_ws/install/mage_msgs/share/mage_msgs/cmake/ament_cmake_export_libraries-extras.cmake
[1.705s] -- Up-to-date: /home/keyur/empm809y_cpp/Cpp_projects/Final-Group17/final_ws/install/mage_msgs/share/mage_msgs/cmake/ament_cmake_export_targets-extras.cmake
[1.705s] -- Up-to-date: /home/keyur/empm809y_cpp/Cpp_projects/Final-Group17/final_ws/install/mage_msgs/share/mage_msgs/cmake/ament_cmake_export_include_directories-extras.cmake
[1.705s] -- Up-to-date: /home/keyur/empm809y_cpp/Cpp_projects/Final-Group17/final_ws/install/mage_msgs/share/mage_msgs/cmake/rosidl_cmake_export_typesupport_libraries-extras.cmake
[1.705s] -- Up-to-date: /home/keyur/empm809y_cpp/Cpp_projects/Final-Group17/final_ws/install/mage_msgs/share/mage_msgs/cmake/rosidl_cmake_export_typesupport_targets-extras.cmake
[1.705s] -- Up-to-date: /home/keyur/empm809y_cpp/Cpp_projects/Final-Group17/final_ws/install/mage_msgs/share/mage_msgs/cmake/mage_msgsConfig.cmake
[1.706s] -- Up-to-date: /home/keyur/empm809y_cpp/Cpp_projects/Final-Group17/final_ws/install/mage_msgs/share/mage_msgs/cmake/mage_msgsConfig-version.cmake
[1.706s] -- Up-to-date: /home/keyur/empm809y_cpp/Cpp_projects/Final-Group17/final_ws/install/mage_msgs/share/mage_msgs/package.xml
[1.707s] Invoked command in '/home/keyur/empm809y_cpp/Cpp_projects/Final-Group17/final_ws/build/mage_msgs' returned '0': CMAKE_PREFIX_PATH=${CMAKE_PREFIX_PATH}:/home/keyur/empm809y_cpp/Cpp_projects/RWA3-Group17/rwa3_ws/install/ros2_aruco:/opt/ros/galactic /usr/bin/cmake --install /home/keyur/empm809y_cpp/Cpp_projects/Final-Group17/final_ws/build/mage_msgs
