[0.589s] Invoking command in '/home/keyur/empm809y_cpp/Cpp_projects/Final-Group17/final_ws/build/final_project': AMENT_PREFIX_PATH=/home/keyur/empm809y_cpp/Cpp_projects/Final-Group17/final_ws/install/mage_msgs:${AMENT_PREFIX_PATH} CMAKE_PREFIX_PATH=/home/keyur/empm809y_cpp/Cpp_projects/Final-Group17/final_ws/install/mage_msgs:/home/keyur/empm809y_cpp/Cpp_projects/RWA3-Group17/rwa3_ws/install/group17:/home/keyur/empm809y_cpp/Cpp_projects/RWA3-Group17/rwa3_ws/install/turtlebot3_simulations:/home/keyur/empm809y_cpp/Cpp_projects/RWA3-Group17/rwa3_ws/install/turtlebot3_sensors:/home/keyur/empm809y_cpp/Cpp_projects/RWA3-Group17/rwa3_ws/install/turtlebot3_gazebo:/home/keyur/empm809y_cpp/Cpp_projects/RWA3-Group17/rwa3_ws/install/turtlebot3_fake_node:/home/keyur/empm809y_cpp/Cpp_projects/RWA3-Group17/rwa3_ws/install/ros2_aruco_interfaces:/home/keyur/empm809y_cpp/Cpp_projects/RWA3-Group17/rwa3_ws/install/mage_msgs:/home/keyur/empm809y_cpp/Cpp_projects/ROS2learn/rosprac809_ws/install/my_first_package:/home/keyur/empm809y_cpp/Cpp_projects/ROS2learn/rosprac809_ws/install/automated_vehicle:/home/keyur/empm809y_cpp/Cpp_projects/ROS2learn/rosprac809_ws/install/av_msgs:/home/keyur/ros809_ws/install/first_package:/home/keyur/ros809_ws/install/automated_vehicle:/home/keyur/empm809y_cpp/Cpp_projects/RWA3-Group17/rwa3_ws/install/ros2_aruco:/opt/ros/galactic LD_LIBRARY_PATH=/home/keyur/empm809y_cpp/Cpp_projects/Final-Group17/final_ws/install/mage_msgs/lib:${LD_LIBRARY_PATH} PYTHONPATH=/home/keyur/empm809y_cpp/Cpp_projects/Final-Group17/final_ws/install/mage_msgs/lib/python3.8/site-packages:${PYTHONPATH} /usr/bin/cmake /home/keyur/empm809y_cpp/Cpp_projects/Final-Group17/final_ws/src/final_project -DCMAKE_INSTALL_PREFIX=/home/keyur/empm809y_cpp/Cpp_projects/Final-Group17/final_ws/install/final_project
[0.655s] -- The C compiler identification is GNU 9.4.0
[0.724s] -- The CXX compiler identification is GNU 9.4.0
[0.731s] -- Check for working C compiler: /usr/bin/cc
[0.878s] -- Check for working C compiler: /usr/bin/cc -- works
[0.880s] -- Detecting C compiler ABI info
[0.964s] -- Detecting C compiler ABI info - done
[0.988s] -- Detecting C compile features
[0.988s] -- Detecting C compile features - done
[0.991s] -- Check for working CXX compiler: /usr/bin/c++
[1.089s] -- Check for working CXX compiler: /usr/bin/c++ -- works
[1.090s] -- Detecting CXX compiler ABI info
[1.187s] -- Detecting CXX compiler ABI info - done
[1.201s] -- Detecting CXX compile features
[1.201s] -- Detecting CXX compile features - done
[1.205s] -- Found ament_cmake: 1.1.6 (/opt/ros/galactic/share/ament_cmake/cmake)
[1.237s] -- Found PythonInterp: /usr/bin/python3 (found suitable version "3.8.10", minimum required is "3") 
[1.237s] -- Using PYTHON_EXECUTABLE: /usr/bin/python3
[1.413s] -- Found rclcpp: 9.2.2 (/opt/ros/galactic/share/rclcpp/cmake)
[1.644s] -- Using all available rosidl_typesupport_c: rosidl_typesupport_fastrtps_c;rosidl_typesupport_introspection_c
[1.655s] -- Found rosidl_adapter: 2.2.3 (/opt/ros/galactic/share/rosidl_adapter/cmake)
[1.767s] -- Found OpenSSL: /usr/lib/x86_64-linux-gnu/libcrypto.so (found version "1.1.1f")  
[1.820s] -- Found FastRTPS: /opt/ros/galactic/include  
[1.920s] -- Using all available rosidl_typesupport_cpp: rosidl_typesupport_fastrtps_cpp;rosidl_typesupport_introspection_cpp
[2.074s] -- Found rmw_implementation_cmake: 3.3.1 (/opt/ros/galactic/share/rmw_implementation_cmake/cmake)
[2.124s] -- Found rmw_cyclonedds_cpp: 0.22.6 (/opt/ros/galactic/share/rmw_cyclonedds_cpp/cmake)
[2.225s] -- Using RMW implementation 'rmw_cyclonedds_cpp' as default
[2.276s] -- Looking for pthread.h
[2.396s] -- Looking for pthread.h - found
[2.396s] -- Performing Test CMAKE_HAVE_LIBC_PTHREAD
[2.486s] -- Performing Test CMAKE_HAVE_LIBC_PTHREAD - Failed
[2.486s] -- Looking for pthread_create in pthreads
[2.575s] -- Looking for pthread_create in pthreads - not found
[2.575s] -- Looking for pthread_create in pthread
[2.662s] -- Looking for pthread_create in pthread - found
[2.664s] -- Found Threads: TRUE  
[3.043s] -- Found rclpy: 1.9.3 (/opt/ros/galactic/share/rclpy/cmake)
[3.046s] -- Found geometry_msgs: 2.2.4 (/opt/ros/galactic/share/geometry_msgs/cmake)
[3.136s] -- Found PkgConfig: /usr/bin/pkg-config (found version "0.29.1") 
[3.152s] -- Checking for module 'bullet>=2.82'
[3.192s] --   Found bullet, version 2.88
[3.580s] -- Found ccd: /usr/include (found suitable version "2.0", minimum required is "2.0") 
[3.664s] -- Found fcl: /usr/include (found suitable version "0.5.0", minimum required is "0.3.2") 
[3.766s] -- Found assimp: /usr/include (found version "5.0.0") 
[4.135s] -- Found DART: /usr/include (Required is at least version "6.6") found components: dart 
[4.451s] -- Found Boost: /usr/lib/x86_64-linux-gnu/cmake/Boost-1.71.0/BoostConfig.cmake (found suitable version "1.71.0", minimum required is "1.40.0") found components: thread system filesystem program_options regex iostreams date_time 
[4.641s] -- Found Protobuf: /usr/lib/x86_64-linux-gnu/libprotobuf.so;-lpthread (found version "3.6.1") 
[4.730s] -- Looking for ignition-math6 -- found version 6.15.0
[4.832s] -- Searching for dependencies of ignition-math6
[4.869s] -- Looking for OGRE...
[4.871s] -- OGRE_PREFIX_WATCH changed.
[4.885s] -- Checking for module 'OGRE'
[4.911s] --   Found OGRE, version 1.9.0
[4.976s] -- Found Ogre Ghadamon (1.9.0)
[4.996s] -- Found OGRE: optimized;/usr/lib/x86_64-linux-gnu/libOgreMain.so;debug;/usr/lib/x86_64-linux-gnu/libOgreMain.so
[5.009s] -- Looking for OGRE_Paging...
[5.018s] -- Found OGRE_Paging: optimized;/usr/lib/x86_64-linux-gnu/libOgrePaging.so;debug;/usr/lib/x86_64-linux-gnu/libOgrePaging.so
[5.018s] -- Looking for OGRE_Terrain...
[5.028s] -- Found OGRE_Terrain: optimized;/usr/lib/x86_64-linux-gnu/libOgreTerrain.so;debug;/usr/lib/x86_64-linux-gnu/libOgreTerrain.so
[5.028s] -- Looking for OGRE_Property...
[5.037s] -- Found OGRE_Property: optimized;/usr/lib/x86_64-linux-gnu/libOgreProperty.so;debug;/usr/lib/x86_64-linux-gnu/libOgreProperty.so
[5.037s] -- Looking for OGRE_RTShaderSystem...
[5.046s] -- Found OGRE_RTShaderSystem: optimized;/usr/lib/x86_64-linux-gnu/libOgreRTShaderSystem.so;debug;/usr/lib/x86_64-linux-gnu/libOgreRTShaderSystem.so
[5.046s] -- Looking for OGRE_Volume...
[5.054s] -- Found OGRE_Volume: optimized;/usr/lib/x86_64-linux-gnu/libOgreVolume.so;debug;/usr/lib/x86_64-linux-gnu/libOgreVolume.so
[5.054s] -- Looking for OGRE_Overlay...
[5.064s] -- Found OGRE_Overlay: optimized;/usr/lib/x86_64-linux-gnu/libOgreOverlay.so;debug;/usr/lib/x86_64-linux-gnu/libOgreOverlay.so
[5.254s] -- Looking for ignition-math6 -- found version 6.15.0
[5.266s] -- Looking for ignition-transport8 -- found version 8.3.0
[5.267s] -- Searching for dependencies of ignition-transport8
[5.308s] -- Found Protobuf: /usr/lib/x86_64-linux-gnu/libprotobuf.so;-lpthread (found suitable version "3.6.1", minimum required is "3") 
[5.324s] -- Config-file not installed for ZeroMQ -- checking for pkg-config
[5.330s] -- Checking for module 'libzmq >= 4'
[5.453s] --   Found libzmq , version 4.3.2
[5.522s] -- Found ZeroMQ: TRUE (Required is at least version "4") 
[5.618s] -- Checking for module 'uuid'
[5.697s] --   Found uuid, version 2.34.0
[5.760s] -- Found UUID: TRUE  
[5.822s] -- Looking for ignition-msgs5 -- found version 5.10.0
[5.824s] -- Searching for dependencies of ignition-msgs5
[5.879s] -- Looking for ignition-math6 -- found version 6.15.0
[5.894s] -- Checking for module 'tinyxml2'
[5.917s] --   Found tinyxml2, version 6.2.0
[5.992s] -- Looking for ignition-msgs5 -- found version 5.10.0
[6.006s] -- Looking for ignition-common3 -- found version 3.14.2
[6.007s] -- Searching for dependencies of ignition-common3
[6.019s] -- Looking for dlfcn.h - found
[6.021s] -- Looking for libdl - found
[6.024s] -- Found DL: TRUE  
[6.043s] -- Searching for <ignition-common3> component [graphics]
[6.050s] -- Looking for ignition-common3-graphics -- found version 3.14.2
[6.051s] -- Searching for dependencies of ignition-common3-graphics
[6.051s] -- Looking for ignition-math6 -- found version 6.15.0
[6.069s] -- Looking for ignition-fuel_tools4 -- found version 4.6.0
[6.069s] -- Searching for dependencies of ignition-fuel_tools4
[6.202s] -- Found CURL: /usr/lib/x86_64-linux-gnu/libcurl.so (found version "7.68.0")  
[6.267s] -- Checking for module 'jsoncpp'
[6.345s] --   Found jsoncpp, version 1.7.4
[6.406s] -- Found JSONCPP: TRUE  
[6.501s] -- Checking for module 'libzip'
[6.569s] --   Found libzip, version 1.5.1
[6.649s] -- Found ZIP: TRUE  
[6.650s] -- Looking for ignition-common3 -- found version 3.14.2
[6.650s] -- Looking for ignition-math6 -- found version 6.15.0
[6.651s] -- Looking for ignition-msgs5 -- found version 5.10.0
[6.692s] -- Found gazebo_ros: 3.5.2 (/opt/ros/galactic/share/gazebo_ros/cmake)
[6.831s] -- Gazebo version: 11.11
[7.048s] -- Found camera_info_manager: 2.5.1 (/opt/ros/galactic/share/camera_info_manager/cmake)
[8.068s] -- Found gazebo_msgs: 3.5.2 (/opt/ros/galactic/share/gazebo_msgs/cmake)
[8.688s] -- Found image_transport: 2.5.1 (/opt/ros/galactic/share/image_transport/cmake)
[9.020s] -- Found cv_bridge: 3.1.3 (/opt/ros/galactic/share/cv_bridge/cmake)
[9.853s] -- Found std_srvs: 2.2.4 (/opt/ros/galactic/share/std_srvs/cmake)
[9.971s] -- Found tf2: 0.17.5 (/opt/ros/galactic/share/tf2/cmake)
[10.107s] -- Found tf2_geometry_msgs: 0.17.5 (/opt/ros/galactic/share/tf2_geometry_msgs/cmake)
[10.190s] -- Found eigen3_cmake_module: 0.1.1 (/opt/ros/galactic/share/eigen3_cmake_module/cmake)
[10.197s] -- Found Eigen3: TRUE (found version "3.3.7") 
[10.653s] -- Found mage_msgs: 0.0.0 (/home/keyur/empm809y_cpp/Cpp_projects/Final-Group17/final_ws/install/mage_msgs/share/mage_msgs/cmake)
[11.039s] -- Configuring done
[13.557s] -- Generating done
[13.560s] -- Build files have been written to: /home/keyur/empm809y_cpp/Cpp_projects/Final-Group17/final_ws/build/final_project
