[4.804s] Invoking command in '/home/keyur/empm809y_cpp/Cpp_projects/Final-Group17/final_ws/src/ros2_aruco/ros2_aruco': PYTHONPATH=/home/keyur/empm809y_cpp/Cpp_projects/Final-Group17/final_ws/build/ros2_aruco/prefix_override:/home/keyur/empm809y_cpp/Cpp_projects/Final-Group17/final_ws/install/ros2_aruco/lib/python3.8/site-packages:${PYTHONPATH} /usr/bin/python3 setup.py egg_info --egg-base ../../../build/ros2_aruco build --build-base /home/keyur/empm809y_cpp/Cpp_projects/Final-Group17/final_ws/build/ros2_aruco/build install --record /home/keyur/empm809y_cpp/Cpp_projects/Final-Group17/final_ws/build/ros2_aruco/install.log --install-scripts $base/lib/ros2_aruco --single-version-externally-managed
[5.060s] running egg_info
[5.061s] writing ../../../build/ros2_aruco/ros2_aruco.egg-info/PKG-INFO
[5.061s] writing dependency_links to ../../../build/ros2_aruco/ros2_aruco.egg-info/dependency_links.txt
[5.062s] writing entry points to ../../../build/ros2_aruco/ros2_aruco.egg-info/entry_points.txt
[5.062s] writing requirements to ../../../build/ros2_aruco/ros2_aruco.egg-info/requires.txt
[5.062s] writing top-level names to ../../../build/ros2_aruco/ros2_aruco.egg-info/top_level.txt
[5.367s] reading manifest file '../../../build/ros2_aruco/ros2_aruco.egg-info/SOURCES.txt'
[5.368s] writing manifest file '../../../build/ros2_aruco/ros2_aruco.egg-info/SOURCES.txt'
[5.368s] running build
[5.368s] running build_py
[5.369s] running install
[5.369s] running install_lib
[5.372s] running install_data
[5.372s] running install_egg_info
[5.376s] removing '/home/keyur/empm809y_cpp/Cpp_projects/Final-Group17/final_ws/install/ros2_aruco/lib/python3.8/site-packages/ros2_aruco-0.1.0-py3.8.egg-info' (and everything under it)
[5.376s] Copying ../../../build/ros2_aruco/ros2_aruco.egg-info to /home/keyur/empm809y_cpp/Cpp_projects/Final-Group17/final_ws/install/ros2_aruco/lib/python3.8/site-packages/ros2_aruco-0.1.0-py3.8.egg-info
[5.377s] running install_scripts
[5.395s] Installing aruco_node script to /home/keyur/empm809y_cpp/Cpp_projects/Final-Group17/final_ws/install/ros2_aruco/lib/ros2_aruco
[5.396s] writing list of installed files to '/home/keyur/empm809y_cpp/Cpp_projects/Final-Group17/final_ws/build/ros2_aruco/install.log'
[5.431s] Invoked command in '/home/keyur/empm809y_cpp/Cpp_projects/Final-Group17/final_ws/src/ros2_aruco/ros2_aruco' returned '0': PYTHONPATH=/home/keyur/empm809y_cpp/Cpp_projects/Final-Group17/final_ws/build/ros2_aruco/prefix_override:/home/keyur/empm809y_cpp/Cpp_projects/Final-Group17/final_ws/install/ros2_aruco/lib/python3.8/site-packages:${PYTHONPATH} /usr/bin/python3 setup.py egg_info --egg-base ../../../build/ros2_aruco build --build-base /home/keyur/empm809y_cpp/Cpp_projects/Final-Group17/final_ws/build/ros2_aruco/build install --record /home/keyur/empm809y_cpp/Cpp_projects/Final-Group17/final_ws/build/ros2_aruco/install.log --install-scripts $base/lib/ros2_aruco --single-version-externally-managed
