-- Found ament_cmake: 1.1.6 (/opt/ros/galactic/share/ament_cmake/cmake)
-- Using PYTHON_EXECUTABLE: /usr/bin/python3
-- Found rclcpp: 9.2.2 (/opt/ros/galactic/share/rclcpp/cmake)
-- Using all available rosidl_typesupport_c: rosidl_typesupport_fastrtps_c;rosidl_typesupport_introspection_c
-- Found rosidl_adapter: 2.2.3 (/opt/ros/galactic/share/rosidl_adapter/cmake)
-- Using all available rosidl_typesupport_cpp: rosidl_typesupport_fastrtps_cpp;rosidl_typesupport_introspection_cpp
-- Found rmw_implementation_cmake: 3.3.1 (/opt/ros/galactic/share/rmw_implementation_cmake/cmake)
-- Found rmw_cyclonedds_cpp: 0.22.6 (/opt/ros/galactic/share/rmw_cyclonedds_cpp/cmake)
-- Using RMW implementation 'rmw_cyclonedds_cpp' as default
-- Found rclcpp_action: 9.2.2 (/opt/ros/galactic/share/rclcpp_action/cmake)
-- Found rclcpp_components: 9.2.2 (/opt/ros/galactic/share/rclcpp_components/cmake)
-- Found mage_msgs: 0.0.0 (/home/keyur/empm809y_cpp/Cpp_projects/Final-Group17/final_ws/install/mage_msgs/share/mage_msgs/cmake)
-- Found nav_msgs: 2.2.4 (/opt/ros/galactic/share/nav_msgs/cmake)
-- Found tf2_ros: 0.17.5 (/opt/ros/galactic/share/tf2_ros/cmake)
-- Found tf2_geometry_msgs: 0.17.5 (/opt/ros/galactic/share/tf2_geometry_msgs/cmake)
-- Found eigen3_cmake_module: 0.1.1 (/opt/ros/galactic/share/eigen3_cmake_module/cmake)
-- Found example_interfaces: 0.9.2 (/opt/ros/galactic/share/example_interfaces/cmake)
-- Found ros2_aruco_interfaces: 0.1.0 (/home/keyur/empm809y_cpp/Cpp_projects/Final-Group17/final_ws/install/ros2_aruco_interfaces/share/ros2_aruco_interfaces/cmake)
-- Found ament_lint_auto: 0.10.7 (/opt/ros/galactic/share/ament_lint_auto/cmake)
-- Added test 'copyright' to check source files copyright and LICENSE
-- Added test 'cppcheck' to perform static code analysis on C / C++ code
-- Configured cppcheck include dirs: /home/keyur/empm809y_cpp/Cpp_projects/Final-Group17/final_ws/src/group17_final/include/group17_final
-- Configured cppcheck exclude dirs and/or files: 
-- Added test 'cpplint' to check C / C++ code against the Google style
-- Configured cpplint exclude dirs and/or files: 
-- Added test 'lint_cmake' to check CMake code style
-- Added test 'uncrustify' to check C / C++ code style
-- Configured uncrustify additional arguments: 
-- Added test 'xmllint' to check XML markup files
-- Configuring done
-- Generating done
-- Build files have been written to: /home/keyur/empm809y_cpp/Cpp_projects/Final-Group17/final_ws/build/group17_final
[ 50%] [32m[1mLinking CXX executable my_robot_node[0m
/usr/bin/ld: CMakeFiles/my_robot_node.dir/src/my_robot_node.cpp.o: in function `rclcpp_action::Client<nav2_msgs::action::NavigateThroughPoses>::Client(std::shared_ptr<rclcpp::node_interfaces::NodeBaseInterface>, std::shared_ptr<rclcpp::node_interfaces::NodeGraphInterface>, std::shared_ptr<rclcpp::node_interfaces::NodeLoggingInterface>, std::__cxx11::basic_string<char, std::char_traits<char>, std::allocator<char> > const&, rcl_action_client_options_t const&)':
my_robot_node.cpp:(.text._ZN13rclcpp_action6ClientIN9nav2_msgs6action20NavigateThroughPosesEEC2ESt10shared_ptrIN6rclcpp15node_interfaces17NodeBaseInterfaceEES5_INS7_18NodeGraphInterfaceEES5_INS7_20NodeLoggingInterfaceEERKNSt7__cxx1112basic_stringIcSt11char_traitsIcESaIcEEERK27rcl_action_client_options_t[_ZN13rclcpp_action6ClientIN9nav2_msgs6action20NavigateThroughPosesEEC5ESt10shared_ptrIN6rclcpp15node_interfaces17NodeBaseInterfaceEES5_INS7_18NodeGraphInterfaceEES5_INS7_20NodeLoggingInterfaceEERKNSt7__cxx1112basic_stringIcSt11char_traitsIcESaIcEEERK27rcl_action_client_options_t]+0x3b): undefined reference to `rosidl_action_type_support_t const* rosidl_typesupport_cpp::get_action_type_support_handle<nav2_msgs::action::NavigateThroughPoses>()'
collect2: error: ld returned 1 exit status
make[2]: *** [CMakeFiles/my_robot_node.dir/build.make:187: my_robot_node] Error 1
make[1]: *** [CMakeFiles/Makefile2:78: CMakeFiles/my_robot_node.dir/all] Error 2
make: *** [Makefile:141: all] Error 2
