[4.232s] DEBUG:colcon:Command line arguments: ['/usr/bin/colcon', 'build', '--packages-select', 'group17_final']
[4.232s] DEBUG:colcon:Parsed command line arguments: Namespace(allow_overriding=[], ament_cmake_args=None, base_paths=['.'], build_base='build', catkin_cmake_args=None, catkin_skip_building_tests=False, cmake_args=None, cmake_clean_cache=False, cmake_clean_first=False, cmake_force_configure=False, cmake_target=None, cmake_target_skip_unavailable=False, continue_on_error=False, event_handlers=None, executor='parallel', ignore_user_meta=False, install_base='install', log_base=None, log_level=None, main=<bound method BuildVerb.main of <colcon_core.verb.build.BuildVerb object at 0x7fee7a2501c0>>, merge_install=False, metas=['./colcon.meta'], packages_above=None, packages_above_and_dependencies=None, packages_above_depth=None, packages_end=None, packages_ignore=None, packages_ignore_regex=None, packages_select=['group17_final'], packages_select_build_failed=False, packages_select_by_dep=None, packages_select_regex=None, packages_select_test_failures=False, packages_skip=None, packages_skip_build_finished=False, packages_skip_by_dep=None, packages_skip_regex=None, packages_skip_test_passed=False, packages_skip_up_to=None, packages_start=None, packages_up_to=None, packages_up_to_regex=None, parallel_workers=8, paths=None, symlink_install=False, test_result_base=None, verb_extension=<colcon_core.verb.build.BuildVerb object at 0x7fee7a2501c0>, verb_name='build', verb_parser=<colcon_defaults.argument_parser.defaults.DefaultArgumentsDecorator object at 0x7fee7a2ad6a0>)
[5.056s] Level 1:colcon.colcon_core.package_discovery:discover_packages(colcon_meta) check parameters
[5.057s] Level 1:colcon.colcon_core.package_discovery:discover_packages(recursive) check parameters
[5.057s] Level 1:colcon.colcon_core.package_discovery:discover_packages(ignore) check parameters
[5.057s] Level 1:colcon.colcon_core.package_discovery:discover_packages(path) check parameters
[5.057s] Level 1:colcon.colcon_core.package_discovery:discover_packages(colcon_meta) discover
[5.057s] Level 1:colcon.colcon_core.package_discovery:discover_packages(recursive) discover
[5.057s] INFO:colcon.colcon_core.package_discovery:Crawling recursively for packages in '/home/keyur/empm809y_cpp/Cpp_projects/Final-Group17/final_ws'
[5.057s] Level 1:colcon.colcon_core.package_identification:_identify(.) by extensions ['ignore', 'ignore_ament_install']
[5.057s] Level 1:colcon.colcon_core.package_identification:_identify(.) by extension 'ignore'
[5.057s] Level 1:colcon.colcon_core.package_identification:_identify(.) by extension 'ignore_ament_install'
[5.057s] Level 1:colcon.colcon_core.package_identification:_identify(.) by extensions ['colcon_pkg']
[5.058s] Level 1:colcon.colcon_core.package_identification:_identify(.) by extension 'colcon_pkg'
[5.058s] Level 1:colcon.colcon_core.package_identification:_identify(.) by extensions ['colcon_meta']
[5.058s] Level 1:colcon.colcon_core.package_identification:_identify(.) by extension 'colcon_meta'
[5.058s] Level 1:colcon.colcon_core.package_identification:_identify(.) by extensions ['ros']
[5.058s] Level 1:colcon.colcon_core.package_identification:_identify(.) by extension 'ros'
[5.148s] Level 1:colcon.colcon_core.package_identification:_identify(.) by extensions ['cmake', 'python']
[5.148s] Level 1:colcon.colcon_core.package_identification:_identify(.) by extension 'cmake'
[5.148s] Level 1:colcon.colcon_core.package_identification:_identify(.) by extension 'python'
[5.148s] Level 1:colcon.colcon_core.package_identification:_identify(.) by extensions ['python_setup_py']
[5.148s] Level 1:colcon.colcon_core.package_identification:_identify(.) by extension 'python_setup_py'
[5.149s] Level 1:colcon.colcon_core.package_identification:_identify(build) by extensions ['ignore', 'ignore_ament_install']
[5.149s] Level 1:colcon.colcon_core.package_identification:_identify(build) by extension 'ignore'
[5.149s] Level 1:colcon.colcon_core.package_identification:_identify(build) ignored
[5.149s] Level 1:colcon.colcon_core.package_identification:_identify(install) by extensions ['ignore', 'ignore_ament_install']
[5.149s] Level 1:colcon.colcon_core.package_identification:_identify(install) by extension 'ignore'
[5.149s] Level 1:colcon.colcon_core.package_identification:_identify(install) ignored
[5.149s] Level 1:colcon.colcon_core.package_identification:_identify(log) by extensions ['ignore', 'ignore_ament_install']
[5.150s] Level 1:colcon.colcon_core.package_identification:_identify(log) by extension 'ignore'
[5.150s] Level 1:colcon.colcon_core.package_identification:_identify(log) ignored
[5.150s] Level 1:colcon.colcon_core.package_identification:_identify(src) by extensions ['ignore', 'ignore_ament_install']
[5.150s] Level 1:colcon.colcon_core.package_identification:_identify(src) by extension 'ignore'
[5.150s] Level 1:colcon.colcon_core.package_identification:_identify(src) by extension 'ignore_ament_install'
[5.150s] Level 1:colcon.colcon_core.package_identification:_identify(src) by extensions ['colcon_pkg']
[5.150s] Level 1:colcon.colcon_core.package_identification:_identify(src) by extension 'colcon_pkg'
[5.150s] Level 1:colcon.colcon_core.package_identification:_identify(src) by extensions ['colcon_meta']
[5.150s] Level 1:colcon.colcon_core.package_identification:_identify(src) by extension 'colcon_meta'
[5.150s] Level 1:colcon.colcon_core.package_identification:_identify(src) by extensions ['ros']
[5.150s] Level 1:colcon.colcon_core.package_identification:_identify(src) by extension 'ros'
[5.150s] Level 1:colcon.colcon_core.package_identification:_identify(src) by extensions ['cmake', 'python']
[5.150s] Level 1:colcon.colcon_core.package_identification:_identify(src) by extension 'cmake'
[5.151s] Level 1:colcon.colcon_core.package_identification:_identify(src) by extension 'python'
[5.151s] Level 1:colcon.colcon_core.package_identification:_identify(src) by extensions ['python_setup_py']
[5.151s] Level 1:colcon.colcon_core.package_identification:_identify(src) by extension 'python_setup_py'
[5.151s] Level 1:colcon.colcon_core.package_identification:_identify(src/final_project) by extensions ['ignore', 'ignore_ament_install']
[5.151s] Level 1:colcon.colcon_core.package_identification:_identify(src/final_project) by extension 'ignore'
[5.151s] Level 1:colcon.colcon_core.package_identification:_identify(src/final_project) by extension 'ignore_ament_install'
[5.151s] Level 1:colcon.colcon_core.package_identification:_identify(src/final_project) by extensions ['colcon_pkg']
[5.151s] Level 1:colcon.colcon_core.package_identification:_identify(src/final_project) by extension 'colcon_pkg'
[5.151s] Level 1:colcon.colcon_core.package_identification:_identify(src/final_project) by extensions ['colcon_meta']
[5.151s] Level 1:colcon.colcon_core.package_identification:_identify(src/final_project) by extension 'colcon_meta'
[5.151s] Level 1:colcon.colcon_core.package_identification:_identify(src/final_project) by extensions ['ros']
[5.151s] Level 1:colcon.colcon_core.package_identification:_identify(src/final_project) by extension 'ros'
[5.183s] DEBUG:colcon.colcon_core.package_identification:Package 'src/final_project' with type 'ros.ament_cmake' and name 'final_project'
[5.184s] Level 1:colcon.colcon_core.package_identification:_identify(src/group17_final) by extensions ['ignore', 'ignore_ament_install']
[5.184s] Level 1:colcon.colcon_core.package_identification:_identify(src/group17_final) by extension 'ignore'
[5.184s] Level 1:colcon.colcon_core.package_identification:_identify(src/group17_final) by extension 'ignore_ament_install'
[5.184s] Level 1:colcon.colcon_core.package_identification:_identify(src/group17_final) by extensions ['colcon_pkg']
[5.184s] Level 1:colcon.colcon_core.package_identification:_identify(src/group17_final) by extension 'colcon_pkg'
[5.184s] Level 1:colcon.colcon_core.package_identification:_identify(src/group17_final) by extensions ['colcon_meta']
[5.184s] Level 1:colcon.colcon_core.package_identification:_identify(src/group17_final) by extension 'colcon_meta'
[5.184s] Level 1:colcon.colcon_core.package_identification:_identify(src/group17_final) by extensions ['ros']
[5.184s] Level 1:colcon.colcon_core.package_identification:_identify(src/group17_final) by extension 'ros'
[5.198s] DEBUG:colcon.colcon_core.package_identification:Package 'src/group17_final' with type 'ros.ament_cmake' and name 'group17_final'
[5.198s] Level 1:colcon.colcon_core.package_identification:_identify(src/mage_msgs) by extensions ['ignore', 'ignore_ament_install']
[5.198s] Level 1:colcon.colcon_core.package_identification:_identify(src/mage_msgs) by extension 'ignore'
[5.199s] Level 1:colcon.colcon_core.package_identification:_identify(src/mage_msgs) by extension 'ignore_ament_install'
[5.199s] Level 1:colcon.colcon_core.package_identification:_identify(src/mage_msgs) by extensions ['colcon_pkg']
[5.199s] Level 1:colcon.colcon_core.package_identification:_identify(src/mage_msgs) by extension 'colcon_pkg'
[5.199s] Level 1:colcon.colcon_core.package_identification:_identify(src/mage_msgs) by extensions ['colcon_meta']
[5.199s] Level 1:colcon.colcon_core.package_identification:_identify(src/mage_msgs) by extension 'colcon_meta'
[5.199s] Level 1:colcon.colcon_core.package_identification:_identify(src/mage_msgs) by extensions ['ros']
[5.199s] Level 1:colcon.colcon_core.package_identification:_identify(src/mage_msgs) by extension 'ros'
[5.201s] DEBUG:colcon.colcon_core.package_identification:Package 'src/mage_msgs' with type 'ros.ament_cmake' and name 'mage_msgs'
[5.220s] Level 1:colcon.colcon_core.package_identification:_identify(src/ros2_aruco) by extensions ['ignore', 'ignore_ament_install']
[5.220s] Level 1:colcon.colcon_core.package_identification:_identify(src/ros2_aruco) by extension 'ignore'
[5.220s] Level 1:colcon.colcon_core.package_identification:_identify(src/ros2_aruco) by extension 'ignore_ament_install'
[5.220s] Level 1:colcon.colcon_core.package_identification:_identify(src/ros2_aruco) by extensions ['colcon_pkg']
[5.220s] Level 1:colcon.colcon_core.package_identification:_identify(src/ros2_aruco) by extension 'colcon_pkg'
[5.220s] Level 1:colcon.colcon_core.package_identification:_identify(src/ros2_aruco) by extensions ['colcon_meta']
[5.220s] Level 1:colcon.colcon_core.package_identification:_identify(src/ros2_aruco) by extension 'colcon_meta'
[5.220s] Level 1:colcon.colcon_core.package_identification:_identify(src/ros2_aruco) by extensions ['ros']
[5.220s] Level 1:colcon.colcon_core.package_identification:_identify(src/ros2_aruco) by extension 'ros'
[5.221s] Level 1:colcon.colcon_core.package_identification:_identify(src/ros2_aruco) by extensions ['cmake', 'python']
[5.221s] Level 1:colcon.colcon_core.package_identification:_identify(src/ros2_aruco) by extension 'cmake'
[5.221s] Level 1:colcon.colcon_core.package_identification:_identify(src/ros2_aruco) by extension 'python'
[5.221s] Level 1:colcon.colcon_core.package_identification:_identify(src/ros2_aruco) by extensions ['python_setup_py']
[5.221s] Level 1:colcon.colcon_core.package_identification:_identify(src/ros2_aruco) by extension 'python_setup_py'
[5.222s] Level 1:colcon.colcon_core.package_identification:_identify(src/ros2_aruco/ros2_aruco) by extensions ['ignore', 'ignore_ament_install']
[5.222s] Level 1:colcon.colcon_core.package_identification:_identify(src/ros2_aruco/ros2_aruco) by extension 'ignore'
[5.222s] Level 1:colcon.colcon_core.package_identification:_identify(src/ros2_aruco/ros2_aruco) by extension 'ignore_ament_install'
[5.222s] Level 1:colcon.colcon_core.package_identification:_identify(src/ros2_aruco/ros2_aruco) by extensions ['colcon_pkg']
[5.223s] Level 1:colcon.colcon_core.package_identification:_identify(src/ros2_aruco/ros2_aruco) by extension 'colcon_pkg'
[5.223s] Level 1:colcon.colcon_core.package_identification:_identify(src/ros2_aruco/ros2_aruco) by extensions ['colcon_meta']
[5.223s] Level 1:colcon.colcon_core.package_identification:_identify(src/ros2_aruco/ros2_aruco) by extension 'colcon_meta'
[5.223s] Level 1:colcon.colcon_core.package_identification:_identify(src/ros2_aruco/ros2_aruco) by extensions ['ros']
[5.223s] Level 1:colcon.colcon_core.package_identification:_identify(src/ros2_aruco/ros2_aruco) by extension 'ros'
[5.224s] DEBUG:colcon.colcon_core.package_identification:Package 'src/ros2_aruco/ros2_aruco' with type 'ros.ament_python' and name 'ros2_aruco'
[5.225s] Level 1:colcon.colcon_core.package_identification:_identify(src/ros2_aruco/ros2_aruco_interfaces) by extensions ['ignore', 'ignore_ament_install']
[5.225s] Level 1:colcon.colcon_core.package_identification:_identify(src/ros2_aruco/ros2_aruco_interfaces) by extension 'ignore'
[5.225s] Level 1:colcon.colcon_core.package_identification:_identify(src/ros2_aruco/ros2_aruco_interfaces) by extension 'ignore_ament_install'
[5.225s] Level 1:colcon.colcon_core.package_identification:_identify(src/ros2_aruco/ros2_aruco_interfaces) by extensions ['colcon_pkg']
[5.225s] Level 1:colcon.colcon_core.package_identification:_identify(src/ros2_aruco/ros2_aruco_interfaces) by extension 'colcon_pkg'
[5.225s] Level 1:colcon.colcon_core.package_identification:_identify(src/ros2_aruco/ros2_aruco_interfaces) by extensions ['colcon_meta']
[5.225s] Level 1:colcon.colcon_core.package_identification:_identify(src/ros2_aruco/ros2_aruco_interfaces) by extension 'colcon_meta'
[5.225s] Level 1:colcon.colcon_core.package_identification:_identify(src/ros2_aruco/ros2_aruco_interfaces) by extensions ['ros']
[5.225s] Level 1:colcon.colcon_core.package_identification:_identify(src/ros2_aruco/ros2_aruco_interfaces) by extension 'ros'
[5.227s] DEBUG:colcon.colcon_core.package_identification:Package 'src/ros2_aruco/ros2_aruco_interfaces' with type 'ros.ament_cmake' and name 'ros2_aruco_interfaces'
[5.227s] Level 1:colcon.colcon_core.package_discovery:discover_packages(recursive) using defaults
[5.227s] Level 1:colcon.colcon_core.package_discovery:discover_packages(ignore) discover
[5.227s] Level 1:colcon.colcon_core.package_discovery:discover_packages(ignore) using defaults
[5.227s] Level 1:colcon.colcon_core.package_discovery:discover_packages(path) discover
[5.227s] Level 1:colcon.colcon_core.package_discovery:discover_packages(path) using defaults
[5.478s] INFO:colcon.colcon_core.package_selection:Skipping not selected package 'mage_msgs' in 'src/mage_msgs'
[5.478s] INFO:colcon.colcon_core.package_selection:Skipping not selected package 'ros2_aruco' in 'src/ros2_aruco/ros2_aruco'
[5.478s] INFO:colcon.colcon_core.package_selection:Skipping not selected package 'ros2_aruco_interfaces' in 'src/ros2_aruco/ros2_aruco_interfaces'
[5.478s] INFO:colcon.colcon_core.package_selection:Skipping not selected package 'final_project' in 'src/final_project'
[5.566s] Level 1:colcon.colcon_core.package_discovery:discover_packages(prefix_path) check parameters
[5.566s] Level 1:colcon.colcon_core.package_discovery:discover_packages(prefix_path) discover
[6.067s] DEBUG:colcon.colcon_installed_package_information.package_discovery:Found 5 installed packages in /home/keyur/empm809y_cpp/Cpp_projects/Final-Group17/final_ws/install
[6.446s] DEBUG:colcon.colcon_installed_package_information.package_discovery:Found 8 installed packages in /home/keyur/empm809y_cpp/Cpp_projects/RWA3-Group17/rwa3_ws/install
[6.715s] DEBUG:colcon.colcon_installed_package_information.package_discovery:Found 4 installed packages in /home/keyur/empm809y_cpp/Cpp_projects/ROS2learn/rosprac809_ws/install
[6.820s] DEBUG:colcon.colcon_installed_package_information.package_discovery:Found 2 installed packages in /home/keyur/ros809_ws/install
[6.943s] DEBUG:colcon.colcon_installed_package_information.package_discovery:Found 329 installed packages in /opt/ros/galactic
[6.948s] Level 1:colcon.colcon_core.package_discovery:discover_packages(prefix_path) using defaults
[10.490s] Level 5:colcon.colcon_core.verb:set package 'group17_final' build argument 'cmake_args' from command line to 'None'
[10.490s] Level 5:colcon.colcon_core.verb:set package 'group17_final' build argument 'cmake_target' from command line to 'None'
[10.490s] Level 5:colcon.colcon_core.verb:set package 'group17_final' build argument 'cmake_target_skip_unavailable' from command line to 'False'
[10.490s] Level 5:colcon.colcon_core.verb:set package 'group17_final' build argument 'cmake_clean_cache' from command line to 'False'
[10.490s] Level 5:colcon.colcon_core.verb:set package 'group17_final' build argument 'cmake_clean_first' from command line to 'False'
[10.490s] Level 5:colcon.colcon_core.verb:set package 'group17_final' build argument 'cmake_force_configure' from command line to 'False'
[10.491s] Level 5:colcon.colcon_core.verb:set package 'group17_final' build argument 'ament_cmake_args' from command line to 'None'
[10.491s] Level 5:colcon.colcon_core.verb:set package 'group17_final' build argument 'catkin_cmake_args' from command line to 'None'
[10.491s] Level 5:colcon.colcon_core.verb:set package 'group17_final' build argument 'catkin_skip_building_tests' from command line to 'False'
[10.491s] DEBUG:colcon.colcon_core.verb:Building package 'group17_final' with the following arguments: {'ament_cmake_args': None, 'build_base': '/home/keyur/empm809y_cpp/Cpp_projects/Final-Group17/final_ws/build/group17_final', 'catkin_cmake_args': None, 'catkin_skip_building_tests': False, 'cmake_args': None, 'cmake_clean_cache': False, 'cmake_clean_first': False, 'cmake_force_configure': False, 'cmake_target': None, 'cmake_target_skip_unavailable': False, 'install_base': '/home/keyur/empm809y_cpp/Cpp_projects/Final-Group17/final_ws/install/group17_final', 'merge_install': False, 'path': '/home/keyur/empm809y_cpp/Cpp_projects/Final-Group17/final_ws/src/group17_final', 'symlink_install': False, 'test_result_base': None}
[10.568s] INFO:colcon.colcon_core.executor:Executing jobs using 'parallel' executor
[10.633s] DEBUG:colcon.colcon_parallel_executor.executor.parallel:run_until_complete
[10.633s] INFO:colcon.colcon_ros.task.ament_cmake.build:Building ROS package in '/home/keyur/empm809y_cpp/Cpp_projects/Final-Group17/final_ws/src/group17_final' with build type 'ament_cmake'
[10.633s] INFO:colcon.colcon_cmake.task.cmake.build:Building CMake package in '/home/keyur/empm809y_cpp/Cpp_projects/Final-Group17/final_ws/src/group17_final'
[10.930s] INFO:colcon.colcon_core.plugin_system:Skipping extension 'colcon_core.shell.bat': Not used on non-Windows systems
[10.930s] INFO:colcon.colcon_core.shell:Skip shell extension 'powershell' for command environment: Not usable outside of PowerShell
[10.931s] DEBUG:colcon.colcon_core.shell:Skip shell extension 'dsv' for command environment
[12.026s] DEBUG:colcon.colcon_core.event_handler.log_command:Invoking command in '/home/keyur/empm809y_cpp/Cpp_projects/Final-Group17/final_ws/build/group17_final': CMAKE_PREFIX_PATH=/home/keyur/empm809y_cpp/Cpp_projects/Final-Group17/final_ws/install/ros2_aruco_interfaces:/home/keyur/empm809y_cpp/Cpp_projects/Final-Group17/final_ws/install/mage_msgs:/home/keyur/empm809y_cpp/Cpp_projects/Final-Group17/final_ws/install/group17_final:/home/keyur/empm809y_cpp/Cpp_projects/Final-Group17/final_ws/install/final_project:/home/keyur/empm809y_cpp/Cpp_projects/RWA3-Group17/rwa3_ws/install/group17:/home/keyur/empm809y_cpp/Cpp_projects/RWA3-Group17/rwa3_ws/install/turtlebot3_simulations:/home/keyur/empm809y_cpp/Cpp_projects/RWA3-Group17/rwa3_ws/install/turtlebot3_sensors:/home/keyur/empm809y_cpp/Cpp_projects/RWA3-Group17/rwa3_ws/install/turtlebot3_gazebo:/home/keyur/empm809y_cpp/Cpp_projects/RWA3-Group17/rwa3_ws/install/turtlebot3_fake_node:/home/keyur/empm809y_cpp/Cpp_projects/RWA3-Group17/rwa3_ws/install/ros2_aruco_interfaces:/home/keyur/empm809y_cpp/Cpp_projects/RWA3-Group17/rwa3_ws/install/mage_msgs:/home/keyur/empm809y_cpp/Cpp_projects/ROS2learn/rosprac809_ws/install/navigation_demo:/home/keyur/empm809y_cpp/Cpp_projects/ROS2learn/rosprac809_ws/install/my_first_package:/home/keyur/empm809y_cpp/Cpp_projects/ROS2learn/rosprac809_ws/install/automated_vehicle:/home/keyur/empm809y_cpp/Cpp_projects/ROS2learn/rosprac809_ws/install/av_msgs:/home/keyur/ros809_ws/install/first_package:/home/keyur/ros809_ws/install/automated_vehicle:/home/keyur/empm809y_cpp/Cpp_projects/Final-Group17/final_ws/install/ros2_aruco:/home/keyur/empm809y_cpp/Cpp_projects/RWA3-Group17/rwa3_ws/install/ros2_aruco:/opt/ros/galactic LD_LIBRARY_PATH=/home/keyur/empm809y_cpp/Cpp_projects/Final-Group17/final_ws/install/ros2_aruco_interfaces/lib:/home/keyur/empm809y_cpp/Cpp_projects/Final-Group17/final_ws/install/mage_msgs/lib:/home/keyur/empm809y_cpp/Cpp_projects/Final-Group17/final_ws/install/final_project/lib:/home/keyur/empm809y_cpp/Cpp_projects/RWA3-Group17/rwa3_ws/install/turtlebot3_sensors/lib:/home/keyur/empm809y_cpp/Cpp_projects/RWA3-Group17/rwa3_ws/install/ros2_aruco_interfaces/lib:/home/keyur/empm809y_cpp/Cpp_projects/RWA3-Group17/rwa3_ws/install/mage_msgs/lib:/home/keyur/empm809y_cpp/Cpp_projects/ROS2learn/rosprac809_ws/install/av_msgs/lib:/usr/lib/x86_64-linux-gnu/gazebo-11/plugins:/opt/ros/galactic/opt/yaml_cpp_vendor/lib:/opt/ros/galactic/opt/rviz_ogre_vendor/lib:/opt/ros/galactic/lib/x86_64-linux-gnu:/opt/ros/galactic/lib PYTHONPATH=/home/keyur/empm809y_cpp/Cpp_projects/Final-Group17/final_ws/install/ros2_aruco_interfaces/lib/python3.8/site-packages:/home/keyur/empm809y_cpp/Cpp_projects/Final-Group17/final_ws/install/mage_msgs/lib/python3.8/site-packages:/home/keyur/empm809y_cpp/Cpp_projects/Final-Group17/final_ws/install/ros2_aruco/lib/python3.8/site-packages:/home/keyur/empm809y_cpp/Cpp_projects/Final-Group17/final_ws/install/final_project/lib/python3.8/site-packages:/home/keyur/empm809y_cpp/Cpp_projects/RWA3-Group17/rwa3_ws/install/turtlebot3_gazebo/lib/python3.8/site-packages:/home/keyur/empm809y_cpp/Cpp_projects/RWA3-Group17/rwa3_ws/install/ros2_aruco_interfaces/lib/python3.8/site-packages:/home/keyur/empm809y_cpp/Cpp_projects/RWA3-Group17/rwa3_ws/install/ros2_aruco/lib/python3.8/site-packages:/home/keyur/empm809y_cpp/Cpp_projects/RWA3-Group17/rwa3_ws/install/mage_msgs/lib/python3.8/site-packages:/home/keyur/empm809y_cpp/Cpp_projects/ROS2learn/rosprac809_ws/install/av_msgs/lib/python3.8/site-packages:/opt/ros/galactic/lib/python3.8/site-packages /usr/bin/cmake --build /home/keyur/empm809y_cpp/Cpp_projects/Final-Group17/final_ws/build/group17_final -- -j8 -l8
[17.274s] DEBUG:colcon.colcon_core.event_handler.log_command:Invoked command in '/home/keyur/empm809y_cpp/Cpp_projects/Final-Group17/final_ws/build/group17_final' returned '0': CMAKE_PREFIX_PATH=/home/keyur/empm809y_cpp/Cpp_projects/Final-Group17/final_ws/install/ros2_aruco_interfaces:/home/keyur/empm809y_cpp/Cpp_projects/Final-Group17/final_ws/install/mage_msgs:/home/keyur/empm809y_cpp/Cpp_projects/Final-Group17/final_ws/install/group17_final:/home/keyur/empm809y_cpp/Cpp_projects/Final-Group17/final_ws/install/final_project:/home/keyur/empm809y_cpp/Cpp_projects/RWA3-Group17/rwa3_ws/install/group17:/home/keyur/empm809y_cpp/Cpp_projects/RWA3-Group17/rwa3_ws/install/turtlebot3_simulations:/home/keyur/empm809y_cpp/Cpp_projects/RWA3-Group17/rwa3_ws/install/turtlebot3_sensors:/home/keyur/empm809y_cpp/Cpp_projects/RWA3-Group17/rwa3_ws/install/turtlebot3_gazebo:/home/keyur/empm809y_cpp/Cpp_projects/RWA3-Group17/rwa3_ws/install/turtlebot3_fake_node:/home/keyur/empm809y_cpp/Cpp_projects/RWA3-Group17/rwa3_ws/install/ros2_aruco_interfaces:/home/keyur/empm809y_cpp/Cpp_projects/RWA3-Group17/rwa3_ws/install/mage_msgs:/home/keyur/empm809y_cpp/Cpp_projects/ROS2learn/rosprac809_ws/install/navigation_demo:/home/keyur/empm809y_cpp/Cpp_projects/ROS2learn/rosprac809_ws/install/my_first_package:/home/keyur/empm809y_cpp/Cpp_projects/ROS2learn/rosprac809_ws/install/automated_vehicle:/home/keyur/empm809y_cpp/Cpp_projects/ROS2learn/rosprac809_ws/install/av_msgs:/home/keyur/ros809_ws/install/first_package:/home/keyur/ros809_ws/install/automated_vehicle:/home/keyur/empm809y_cpp/Cpp_projects/Final-Group17/final_ws/install/ros2_aruco:/home/keyur/empm809y_cpp/Cpp_projects/RWA3-Group17/rwa3_ws/install/ros2_aruco:/opt/ros/galactic LD_LIBRARY_PATH=/home/keyur/empm809y_cpp/Cpp_projects/Final-Group17/final_ws/install/ros2_aruco_interfaces/lib:/home/keyur/empm809y_cpp/Cpp_projects/Final-Group17/final_ws/install/mage_msgs/lib:/home/keyur/empm809y_cpp/Cpp_projects/Final-Group17/final_ws/install/final_project/lib:/home/keyur/empm809y_cpp/Cpp_projects/RWA3-Group17/rwa3_ws/install/turtlebot3_sensors/lib:/home/keyur/empm809y_cpp/Cpp_projects/RWA3-Group17/rwa3_ws/install/ros2_aruco_interfaces/lib:/home/keyur/empm809y_cpp/Cpp_projects/RWA3-Group17/rwa3_ws/install/mage_msgs/lib:/home/keyur/empm809y_cpp/Cpp_projects/ROS2learn/rosprac809_ws/install/av_msgs/lib:/usr/lib/x86_64-linux-gnu/gazebo-11/plugins:/opt/ros/galactic/opt/yaml_cpp_vendor/lib:/opt/ros/galactic/opt/rviz_ogre_vendor/lib:/opt/ros/galactic/lib/x86_64-linux-gnu:/opt/ros/galactic/lib PYTHONPATH=/home/keyur/empm809y_cpp/Cpp_projects/Final-Group17/final_ws/install/ros2_aruco_interfaces/lib/python3.8/site-packages:/home/keyur/empm809y_cpp/Cpp_projects/Final-Group17/final_ws/install/mage_msgs/lib/python3.8/site-packages:/home/keyur/empm809y_cpp/Cpp_projects/Final-Group17/final_ws/install/ros2_aruco/lib/python3.8/site-packages:/home/keyur/empm809y_cpp/Cpp_projects/Final-Group17/final_ws/install/final_project/lib/python3.8/site-packages:/home/keyur/empm809y_cpp/Cpp_projects/RWA3-Group17/rwa3_ws/install/turtlebot3_gazebo/lib/python3.8/site-packages:/home/keyur/empm809y_cpp/Cpp_projects/RWA3-Group17/rwa3_ws/install/ros2_aruco_interfaces/lib/python3.8/site-packages:/home/keyur/empm809y_cpp/Cpp_projects/RWA3-Group17/rwa3_ws/install/ros2_aruco/lib/python3.8/site-packages:/home/keyur/empm809y_cpp/Cpp_projects/RWA3-Group17/rwa3_ws/install/mage_msgs/lib/python3.8/site-packages:/home/keyur/empm809y_cpp/Cpp_projects/ROS2learn/rosprac809_ws/install/av_msgs/lib/python3.8/site-packages:/opt/ros/galactic/lib/python3.8/site-packages /usr/bin/cmake --build /home/keyur/empm809y_cpp/Cpp_projects/Final-Group17/final_ws/build/group17_final -- -j8 -l8
[17.345s] DEBUG:colcon.colcon_core.event_handler.log_command:Invoking command in '/home/keyur/empm809y_cpp/Cpp_projects/Final-Group17/final_ws/build/group17_final': CMAKE_PREFIX_PATH=/home/keyur/empm809y_cpp/Cpp_projects/Final-Group17/final_ws/install/ros2_aruco_interfaces:/home/keyur/empm809y_cpp/Cpp_projects/Final-Group17/final_ws/install/mage_msgs:/home/keyur/empm809y_cpp/Cpp_projects/Final-Group17/final_ws/install/group17_final:/home/keyur/empm809y_cpp/Cpp_projects/Final-Group17/final_ws/install/final_project:/home/keyur/empm809y_cpp/Cpp_projects/RWA3-Group17/rwa3_ws/install/group17:/home/keyur/empm809y_cpp/Cpp_projects/RWA3-Group17/rwa3_ws/install/turtlebot3_simulations:/home/keyur/empm809y_cpp/Cpp_projects/RWA3-Group17/rwa3_ws/install/turtlebot3_sensors:/home/keyur/empm809y_cpp/Cpp_projects/RWA3-Group17/rwa3_ws/install/turtlebot3_gazebo:/home/keyur/empm809y_cpp/Cpp_projects/RWA3-Group17/rwa3_ws/install/turtlebot3_fake_node:/home/keyur/empm809y_cpp/Cpp_projects/RWA3-Group17/rwa3_ws/install/ros2_aruco_interfaces:/home/keyur/empm809y_cpp/Cpp_projects/RWA3-Group17/rwa3_ws/install/mage_msgs:/home/keyur/empm809y_cpp/Cpp_projects/ROS2learn/rosprac809_ws/install/navigation_demo:/home/keyur/empm809y_cpp/Cpp_projects/ROS2learn/rosprac809_ws/install/my_first_package:/home/keyur/empm809y_cpp/Cpp_projects/ROS2learn/rosprac809_ws/install/automated_vehicle:/home/keyur/empm809y_cpp/Cpp_projects/ROS2learn/rosprac809_ws/install/av_msgs:/home/keyur/ros809_ws/install/first_package:/home/keyur/ros809_ws/install/automated_vehicle:/home/keyur/empm809y_cpp/Cpp_projects/Final-Group17/final_ws/install/ros2_aruco:/home/keyur/empm809y_cpp/Cpp_projects/RWA3-Group17/rwa3_ws/install/ros2_aruco:/opt/ros/galactic LD_LIBRARY_PATH=/home/keyur/empm809y_cpp/Cpp_projects/Final-Group17/final_ws/install/ros2_aruco_interfaces/lib:/home/keyur/empm809y_cpp/Cpp_projects/Final-Group17/final_ws/install/mage_msgs/lib:/home/keyur/empm809y_cpp/Cpp_projects/Final-Group17/final_ws/install/final_project/lib:/home/keyur/empm809y_cpp/Cpp_projects/RWA3-Group17/rwa3_ws/install/turtlebot3_sensors/lib:/home/keyur/empm809y_cpp/Cpp_projects/RWA3-Group17/rwa3_ws/install/ros2_aruco_interfaces/lib:/home/keyur/empm809y_cpp/Cpp_projects/RWA3-Group17/rwa3_ws/install/mage_msgs/lib:/home/keyur/empm809y_cpp/Cpp_projects/ROS2learn/rosprac809_ws/install/av_msgs/lib:/usr/lib/x86_64-linux-gnu/gazebo-11/plugins:/opt/ros/galactic/opt/yaml_cpp_vendor/lib:/opt/ros/galactic/opt/rviz_ogre_vendor/lib:/opt/ros/galactic/lib/x86_64-linux-gnu:/opt/ros/galactic/lib PYTHONPATH=/home/keyur/empm809y_cpp/Cpp_projects/Final-Group17/final_ws/install/ros2_aruco_interfaces/lib/python3.8/site-packages:/home/keyur/empm809y_cpp/Cpp_projects/Final-Group17/final_ws/install/mage_msgs/lib/python3.8/site-packages:/home/keyur/empm809y_cpp/Cpp_projects/Final-Group17/final_ws/install/ros2_aruco/lib/python3.8/site-packages:/home/keyur/empm809y_cpp/Cpp_projects/Final-Group17/final_ws/install/final_project/lib/python3.8/site-packages:/home/keyur/empm809y_cpp/Cpp_projects/RWA3-Group17/rwa3_ws/install/turtlebot3_gazebo/lib/python3.8/site-packages:/home/keyur/empm809y_cpp/Cpp_projects/RWA3-Group17/rwa3_ws/install/ros2_aruco_interfaces/lib/python3.8/site-packages:/home/keyur/empm809y_cpp/Cpp_projects/RWA3-Group17/rwa3_ws/install/ros2_aruco/lib/python3.8/site-packages:/home/keyur/empm809y_cpp/Cpp_projects/RWA3-Group17/rwa3_ws/install/mage_msgs/lib/python3.8/site-packages:/home/keyur/empm809y_cpp/Cpp_projects/ROS2learn/rosprac809_ws/install/av_msgs/lib/python3.8/site-packages:/opt/ros/galactic/lib/python3.8/site-packages /usr/bin/cmake --install /home/keyur/empm809y_cpp/Cpp_projects/Final-Group17/final_ws/build/group17_final
[17.618s] Level 1:colcon.colcon_core.environment:create_environment_scripts_only(group17_final)
[17.618s] DEBUG:colcon.colcon_core.event_handler.log_command:Invoked command in '/home/keyur/empm809y_cpp/Cpp_projects/Final-Group17/final_ws/build/group17_final' returned '0': CMAKE_PREFIX_PATH=/home/keyur/empm809y_cpp/Cpp_projects/Final-Group17/final_ws/install/ros2_aruco_interfaces:/home/keyur/empm809y_cpp/Cpp_projects/Final-Group17/final_ws/install/mage_msgs:/home/keyur/empm809y_cpp/Cpp_projects/Final-Group17/final_ws/install/group17_final:/home/keyur/empm809y_cpp/Cpp_projects/Final-Group17/final_ws/install/final_project:/home/keyur/empm809y_cpp/Cpp_projects/RWA3-Group17/rwa3_ws/install/group17:/home/keyur/empm809y_cpp/Cpp_projects/RWA3-Group17/rwa3_ws/install/turtlebot3_simulations:/home/keyur/empm809y_cpp/Cpp_projects/RWA3-Group17/rwa3_ws/install/turtlebot3_sensors:/home/keyur/empm809y_cpp/Cpp_projects/RWA3-Group17/rwa3_ws/install/turtlebot3_gazebo:/home/keyur/empm809y_cpp/Cpp_projects/RWA3-Group17/rwa3_ws/install/turtlebot3_fake_node:/home/keyur/empm809y_cpp/Cpp_projects/RWA3-Group17/rwa3_ws/install/ros2_aruco_interfaces:/home/keyur/empm809y_cpp/Cpp_projects/RWA3-Group17/rwa3_ws/install/mage_msgs:/home/keyur/empm809y_cpp/Cpp_projects/ROS2learn/rosprac809_ws/install/navigation_demo:/home/keyur/empm809y_cpp/Cpp_projects/ROS2learn/rosprac809_ws/install/my_first_package:/home/keyur/empm809y_cpp/Cpp_projects/ROS2learn/rosprac809_ws/install/automated_vehicle:/home/keyur/empm809y_cpp/Cpp_projects/ROS2learn/rosprac809_ws/install/av_msgs:/home/keyur/ros809_ws/install/first_package:/home/keyur/ros809_ws/install/automated_vehicle:/home/keyur/empm809y_cpp/Cpp_projects/Final-Group17/final_ws/install/ros2_aruco:/home/keyur/empm809y_cpp/Cpp_projects/RWA3-Group17/rwa3_ws/install/ros2_aruco:/opt/ros/galactic LD_LIBRARY_PATH=/home/keyur/empm809y_cpp/Cpp_projects/Final-Group17/final_ws/install/ros2_aruco_interfaces/lib:/home/keyur/empm809y_cpp/Cpp_projects/Final-Group17/final_ws/install/mage_msgs/lib:/home/keyur/empm809y_cpp/Cpp_projects/Final-Group17/final_ws/install/final_project/lib:/home/keyur/empm809y_cpp/Cpp_projects/RWA3-Group17/rwa3_ws/install/turtlebot3_sensors/lib:/home/keyur/empm809y_cpp/Cpp_projects/RWA3-Group17/rwa3_ws/install/ros2_aruco_interfaces/lib:/home/keyur/empm809y_cpp/Cpp_projects/RWA3-Group17/rwa3_ws/install/mage_msgs/lib:/home/keyur/empm809y_cpp/Cpp_projects/ROS2learn/rosprac809_ws/install/av_msgs/lib:/usr/lib/x86_64-linux-gnu/gazebo-11/plugins:/opt/ros/galactic/opt/yaml_cpp_vendor/lib:/opt/ros/galactic/opt/rviz_ogre_vendor/lib:/opt/ros/galactic/lib/x86_64-linux-gnu:/opt/ros/galactic/lib PYTHONPATH=/home/keyur/empm809y_cpp/Cpp_projects/Final-Group17/final_ws/install/ros2_aruco_interfaces/lib/python3.8/site-packages:/home/keyur/empm809y_cpp/Cpp_projects/Final-Group17/final_ws/install/mage_msgs/lib/python3.8/site-packages:/home/keyur/empm809y_cpp/Cpp_projects/Final-Group17/final_ws/install/ros2_aruco/lib/python3.8/site-packages:/home/keyur/empm809y_cpp/Cpp_projects/Final-Group17/final_ws/install/final_project/lib/python3.8/site-packages:/home/keyur/empm809y_cpp/Cpp_projects/RWA3-Group17/rwa3_ws/install/turtlebot3_gazebo/lib/python3.8/site-packages:/home/keyur/empm809y_cpp/Cpp_projects/RWA3-Group17/rwa3_ws/install/ros2_aruco_interfaces/lib/python3.8/site-packages:/home/keyur/empm809y_cpp/Cpp_projects/RWA3-Group17/rwa3_ws/install/ros2_aruco/lib/python3.8/site-packages:/home/keyur/empm809y_cpp/Cpp_projects/RWA3-Group17/rwa3_ws/install/mage_msgs/lib/python3.8/site-packages:/home/keyur/empm809y_cpp/Cpp_projects/ROS2learn/rosprac809_ws/install/av_msgs/lib/python3.8/site-packages:/opt/ros/galactic/lib/python3.8/site-packages /usr/bin/cmake --install /home/keyur/empm809y_cpp/Cpp_projects/Final-Group17/final_ws/build/group17_final
[17.974s] Level 1:colcon.colcon_core.environment:checking '/home/keyur/empm809y_cpp/Cpp_projects/Final-Group17/final_ws/install/group17_final' for CMake module files
[17.976s] Level 1:colcon.colcon_core.environment:checking '/home/keyur/empm809y_cpp/Cpp_projects/Final-Group17/final_ws/install/group17_final' for CMake config files
[17.979s] Level 1:colcon.colcon_core.shell:create_environment_hook('group17_final', 'cmake_prefix_path')
[18.064s] INFO:colcon.colcon_core.shell:Creating environment hook '/home/keyur/empm809y_cpp/Cpp_projects/Final-Group17/final_ws/install/group17_final/share/group17_final/hook/cmake_prefix_path.ps1'
[18.105s] INFO:colcon.colcon_core.shell:Creating environment descriptor '/home/keyur/empm809y_cpp/Cpp_projects/Final-Group17/final_ws/install/group17_final/share/group17_final/hook/cmake_prefix_path.dsv'
[18.113s] INFO:colcon.colcon_core.shell:Creating environment hook '/home/keyur/empm809y_cpp/Cpp_projects/Final-Group17/final_ws/install/group17_final/share/group17_final/hook/cmake_prefix_path.sh'
[18.116s] Level 1:colcon.colcon_core.environment:checking '/home/keyur/empm809y_cpp/Cpp_projects/Final-Group17/final_ws/install/group17_final/lib'
[18.116s] Level 1:colcon.colcon_core.environment:checking '/home/keyur/empm809y_cpp/Cpp_projects/Final-Group17/final_ws/install/group17_final/bin'
[18.116s] Level 1:colcon.colcon_core.environment:checking '/home/keyur/empm809y_cpp/Cpp_projects/Final-Group17/final_ws/install/group17_final/lib/pkgconfig/group17_final.pc'
[18.116s] Level 1:colcon.colcon_core.environment:checking '/home/keyur/empm809y_cpp/Cpp_projects/Final-Group17/final_ws/install/group17_final/lib/python3.8/site-packages'
[18.117s] Level 1:colcon.colcon_core.environment:checking '/home/keyur/empm809y_cpp/Cpp_projects/Final-Group17/final_ws/install/group17_final/bin'
[18.184s] INFO:colcon.colcon_core.shell:Creating package script '/home/keyur/empm809y_cpp/Cpp_projects/Final-Group17/final_ws/install/group17_final/share/group17_final/package.ps1'
[18.186s] INFO:colcon.colcon_core.shell:Creating package descriptor '/home/keyur/empm809y_cpp/Cpp_projects/Final-Group17/final_ws/install/group17_final/share/group17_final/package.dsv'
[18.212s] INFO:colcon.colcon_core.shell:Creating package script '/home/keyur/empm809y_cpp/Cpp_projects/Final-Group17/final_ws/install/group17_final/share/group17_final/package.sh'
[18.215s] INFO:colcon.colcon_core.shell:Creating package script '/home/keyur/empm809y_cpp/Cpp_projects/Final-Group17/final_ws/install/group17_final/share/group17_final/package.bash'
[18.275s] INFO:colcon.colcon_core.shell:Creating package script '/home/keyur/empm809y_cpp/Cpp_projects/Final-Group17/final_ws/install/group17_final/share/group17_final/package.zsh'
[18.346s] Level 1:colcon.colcon_core.environment:create_file_with_runtime_dependencies(/home/keyur/empm809y_cpp/Cpp_projects/Final-Group17/final_ws/install/group17_final/share/colcon-core/packages/group17_final)
[18.467s] Level 1:colcon.colcon_core.environment:create_environment_scripts_only(group17_final)
[18.534s] Level 1:colcon.colcon_core.environment:checking '/home/keyur/empm809y_cpp/Cpp_projects/Final-Group17/final_ws/install/group17_final' for CMake module files
[18.534s] Level 1:colcon.colcon_core.environment:checking '/home/keyur/empm809y_cpp/Cpp_projects/Final-Group17/final_ws/install/group17_final' for CMake config files
[18.535s] Level 1:colcon.colcon_core.shell:create_environment_hook('group17_final', 'cmake_prefix_path')
[18.600s] INFO:colcon.colcon_core.shell:Creating environment hook '/home/keyur/empm809y_cpp/Cpp_projects/Final-Group17/final_ws/install/group17_final/share/group17_final/hook/cmake_prefix_path.ps1'
[18.600s] INFO:colcon.colcon_core.shell:Creating environment descriptor '/home/keyur/empm809y_cpp/Cpp_projects/Final-Group17/final_ws/install/group17_final/share/group17_final/hook/cmake_prefix_path.dsv'
[18.601s] INFO:colcon.colcon_core.shell:Creating environment hook '/home/keyur/empm809y_cpp/Cpp_projects/Final-Group17/final_ws/install/group17_final/share/group17_final/hook/cmake_prefix_path.sh'
[18.601s] Level 1:colcon.colcon_core.environment:checking '/home/keyur/empm809y_cpp/Cpp_projects/Final-Group17/final_ws/install/group17_final/lib'
[18.601s] Level 1:colcon.colcon_core.environment:checking '/home/keyur/empm809y_cpp/Cpp_projects/Final-Group17/final_ws/install/group17_final/bin'
[18.601s] Level 1:colcon.colcon_core.environment:checking '/home/keyur/empm809y_cpp/Cpp_projects/Final-Group17/final_ws/install/group17_final/lib/pkgconfig/group17_final.pc'
[18.602s] Level 1:colcon.colcon_core.environment:checking '/home/keyur/empm809y_cpp/Cpp_projects/Final-Group17/final_ws/install/group17_final/lib/python3.8/site-packages'
[18.602s] Level 1:colcon.colcon_core.environment:checking '/home/keyur/empm809y_cpp/Cpp_projects/Final-Group17/final_ws/install/group17_final/bin'
[18.659s] INFO:colcon.colcon_core.shell:Creating package script '/home/keyur/empm809y_cpp/Cpp_projects/Final-Group17/final_ws/install/group17_final/share/group17_final/package.ps1'
[18.659s] INFO:colcon.colcon_core.shell:Creating package descriptor '/home/keyur/empm809y_cpp/Cpp_projects/Final-Group17/final_ws/install/group17_final/share/group17_final/package.dsv'
[18.660s] INFO:colcon.colcon_core.shell:Creating package script '/home/keyur/empm809y_cpp/Cpp_projects/Final-Group17/final_ws/install/group17_final/share/group17_final/package.sh'
[18.660s] INFO:colcon.colcon_core.shell:Creating package script '/home/keyur/empm809y_cpp/Cpp_projects/Final-Group17/final_ws/install/group17_final/share/group17_final/package.bash'
[18.660s] INFO:colcon.colcon_core.shell:Creating package script '/home/keyur/empm809y_cpp/Cpp_projects/Final-Group17/final_ws/install/group17_final/share/group17_final/package.zsh'
[18.661s] Level 1:colcon.colcon_core.environment:create_file_with_runtime_dependencies(/home/keyur/empm809y_cpp/Cpp_projects/Final-Group17/final_ws/install/group17_final/share/colcon-core/packages/group17_final)
[18.662s] DEBUG:colcon.colcon_parallel_executor.executor.parallel:closing loop
[18.662s] DEBUG:colcon.colcon_parallel_executor.executor.parallel:loop closed
[18.662s] DEBUG:colcon.colcon_parallel_executor.executor.parallel:run_until_complete finished with '0'
[18.663s] DEBUG:colcon.colcon_core.event_reactor:joining thread
[19.260s] INFO:colcon.colcon_core.plugin_system:Skipping extension 'colcon_notification.desktop_notification.terminal_notifier': Not used on non-Darwin systems
[19.261s] INFO:colcon.colcon_core.plugin_system:Skipping extension 'colcon_notification.desktop_notification.win32': Not used on non-Windows systems
[19.261s] INFO:colcon.colcon_notification.desktop_notification:Sending desktop notification using 'notify2'
[19.393s] DEBUG:colcon.colcon_core.event_reactor:joined thread
[19.470s] INFO:colcon.colcon_core.shell:Creating prefix script '/home/keyur/empm809y_cpp/Cpp_projects/Final-Group17/final_ws/install/local_setup.ps1'
[19.472s] INFO:colcon.colcon_core.shell:Creating prefix util module '/home/keyur/empm809y_cpp/Cpp_projects/Final-Group17/final_ws/install/_local_setup_util_ps1.py'
[19.566s] INFO:colcon.colcon_core.shell:Creating prefix chain script '/home/keyur/empm809y_cpp/Cpp_projects/Final-Group17/final_ws/install/setup.ps1'
[19.657s] INFO:colcon.colcon_core.shell:Creating prefix script '/home/keyur/empm809y_cpp/Cpp_projects/Final-Group17/final_ws/install/local_setup.sh'
[19.658s] INFO:colcon.colcon_core.shell:Creating prefix util module '/home/keyur/empm809y_cpp/Cpp_projects/Final-Group17/final_ws/install/_local_setup_util_sh.py'
[19.659s] INFO:colcon.colcon_core.shell:Creating prefix chain script '/home/keyur/empm809y_cpp/Cpp_projects/Final-Group17/final_ws/install/setup.sh'
[19.711s] INFO:colcon.colcon_core.shell:Creating prefix script '/home/keyur/empm809y_cpp/Cpp_projects/Final-Group17/final_ws/install/local_setup.bash'
[19.723s] INFO:colcon.colcon_core.shell:Creating prefix chain script '/home/keyur/empm809y_cpp/Cpp_projects/Final-Group17/final_ws/install/setup.bash'
[19.771s] INFO:colcon.colcon_core.shell:Creating prefix script '/home/keyur/empm809y_cpp/Cpp_projects/Final-Group17/final_ws/install/local_setup.zsh'
[19.816s] INFO:colcon.colcon_core.shell:Creating prefix chain script '/home/keyur/empm809y_cpp/Cpp_projects/Final-Group17/final_ws/install/setup.zsh'
