[0.314s] Invoking command in '/home/keyur/empm809y_cpp/Cpp_projects/Final-Group17/final_ws/build/group17_final': AMENT_PREFIX_PATH=/home/keyur/empm809y_cpp/Cpp_projects/Final-Group17/final_ws/install/mage_msgs:${AMENT_PREFIX_PATH} CMAKE_PREFIX_PATH=/home/keyur/empm809y_cpp/Cpp_projects/Final-Group17/final_ws/install/mage_msgs:/home/keyur/empm809y_cpp/Cpp_projects/RWA3-Group17/rwa3_ws/install/group17:/home/keyur/empm809y_cpp/Cpp_projects/RWA3-Group17/rwa3_ws/install/turtlebot3_simulations:/home/keyur/empm809y_cpp/Cpp_projects/RWA3-Group17/rwa3_ws/install/turtlebot3_sensors:/home/keyur/empm809y_cpp/Cpp_projects/RWA3-Group17/rwa3_ws/install/turtlebot3_gazebo:/home/keyur/empm809y_cpp/Cpp_projects/RWA3-Group17/rwa3_ws/install/turtlebot3_fake_node:/home/keyur/empm809y_cpp/Cpp_projects/RWA3-Group17/rwa3_ws/install/ros2_aruco_interfaces:/home/keyur/empm809y_cpp/Cpp_projects/RWA3-Group17/rwa3_ws/install/mage_msgs:/home/keyur/empm809y_cpp/Cpp_projects/ROS2learn/rosprac809_ws/install/my_first_package:/home/keyur/empm809y_cpp/Cpp_projects/ROS2learn/rosprac809_ws/install/automated_vehicle:/home/keyur/empm809y_cpp/Cpp_projects/ROS2learn/rosprac809_ws/install/av_msgs:/home/keyur/ros809_ws/install/first_package:/home/keyur/ros809_ws/install/automated_vehicle:/home/keyur/empm809y_cpp/Cpp_projects/RWA3-Group17/rwa3_ws/install/ros2_aruco:/opt/ros/galactic LD_LIBRARY_PATH=/home/keyur/empm809y_cpp/Cpp_projects/Final-Group17/final_ws/install/mage_msgs/lib:${LD_LIBRARY_PATH} PYTHONPATH=/home/keyur/empm809y_cpp/Cpp_projects/Final-Group17/final_ws/install/mage_msgs/lib/python3.8/site-packages:${PYTHONPATH} /usr/bin/cmake /home/keyur/empm809y_cpp/Cpp_projects/Final-Group17/final_ws/src/group17_final -DCMAKE_INSTALL_PREFIX=/home/keyur/empm809y_cpp/Cpp_projects/Final-Group17/final_ws/install/group17_final
[0.378s] -- The C compiler identification is GNU 9.4.0
[0.446s] -- The CXX compiler identification is GNU 9.4.0
[0.452s] -- Check for working C compiler: /usr/bin/cc
[0.597s] -- Check for working C compiler: /usr/bin/cc -- works
[0.598s] -- Detecting C compiler ABI info
[0.682s] -- Detecting C compiler ABI info - done
[0.706s] -- Detecting C compile features
[0.707s] -- Detecting C compile features - done
[0.710s] -- Check for working CXX compiler: /usr/bin/c++
[0.807s] -- Check for working CXX compiler: /usr/bin/c++ -- works
[0.808s] -- Detecting CXX compiler ABI info
[0.906s] -- Detecting CXX compiler ABI info - done
[0.921s] -- Detecting CXX compile features
[0.921s] -- Detecting CXX compile features - done
[0.925s] -- Found ament_cmake: 1.1.6 (/opt/ros/galactic/share/ament_cmake/cmake)
[0.957s] -- Found PythonInterp: /usr/bin/python3 (found suitable version "3.8.10", minimum required is "3") 
[0.958s] -- Using PYTHON_EXECUTABLE: /usr/bin/python3
[1.132s] -- Found rclcpp: 9.2.2 (/opt/ros/galactic/share/rclcpp/cmake)
[1.362s] -- Using all available rosidl_typesupport_c: rosidl_typesupport_fastrtps_c;rosidl_typesupport_introspection_c
[1.374s] -- Found rosidl_adapter: 2.2.3 (/opt/ros/galactic/share/rosidl_adapter/cmake)
[1.485s] -- Found OpenSSL: /usr/lib/x86_64-linux-gnu/libcrypto.so (found version "1.1.1f")  
[1.538s] -- Found FastRTPS: /opt/ros/galactic/include  
[1.638s] -- Using all available rosidl_typesupport_cpp: rosidl_typesupport_fastrtps_cpp;rosidl_typesupport_introspection_cpp
[1.793s] -- Found rmw_implementation_cmake: 3.3.1 (/opt/ros/galactic/share/rmw_implementation_cmake/cmake)
[1.843s] -- Found rmw_cyclonedds_cpp: 0.22.6 (/opt/ros/galactic/share/rmw_cyclonedds_cpp/cmake)
[1.944s] -- Using RMW implementation 'rmw_cyclonedds_cpp' as default
[1.995s] -- Looking for pthread.h
[2.114s] -- Looking for pthread.h - found
[2.114s] -- Performing Test CMAKE_HAVE_LIBC_PTHREAD
[2.204s] -- Performing Test CMAKE_HAVE_LIBC_PTHREAD - Failed
[2.204s] -- Looking for pthread_create in pthreads
[2.293s] -- Looking for pthread_create in pthreads - not found
[2.294s] -- Looking for pthread_create in pthread
[2.380s] -- Looking for pthread_create in pthread - found
[2.382s] -- Found Threads: TRUE  
[2.743s] -- Found mage_msgs: 0.0.0 (/home/keyur/empm809y_cpp/Cpp_projects/Final-Group17/final_ws/install/mage_msgs/share/mage_msgs/cmake)
[2.907s] -- Found tf2_ros: 0.17.5 (/opt/ros/galactic/share/tf2_ros/cmake)
[3.762s] CMake Error at CMakeLists.txt:16 (find_package):
[3.762s]   By not providing "Findtf2_geometery_msgs.cmake" in CMAKE_MODULE_PATH this
[3.762s]   project has asked CMake to find a package configuration file provided by
[3.762s]   "tf2_geometery_msgs", but CMake did not find one.
[3.762s] 
[3.762s]   Could not find a package configuration file provided by
[3.762s]   "tf2_geometery_msgs" with any of the following names:
[3.762s] 
[3.762s]     tf2_geometery_msgsConfig.cmake
[3.762s]     tf2_geometery_msgs-config.cmake
[3.762s] 
[3.763s]   Add the installation prefix of "tf2_geometery_msgs" to CMAKE_PREFIX_PATH or
[3.763s]   set "tf2_geometery_msgs_DIR" to a directory containing one of the above
[3.763s]   files.  If "tf2_geometery_msgs" provides a separate development package or
[3.763s]   SDK, be sure it has been installed.
[3.763s] 
[3.763s] 
[3.765s] -- Configuring incomplete, errors occurred!
[3.765s] See also "/home/keyur/empm809y_cpp/Cpp_projects/Final-Group17/final_ws/build/group17_final/CMakeFiles/CMakeOutput.log".
[3.765s] See also "/home/keyur/empm809y_cpp/Cpp_projects/Final-Group17/final_ws/build/group17_final/CMakeFiles/CMakeError.log".
[3.774s] Invoked command in '/home/keyur/empm809y_cpp/Cpp_projects/Final-Group17/final_ws/build/group17_final' returned '1': AMENT_PREFIX_PATH=/home/keyur/empm809y_cpp/Cpp_projects/Final-Group17/final_ws/install/mage_msgs:${AMENT_PREFIX_PATH} CMAKE_PREFIX_PATH=/home/keyur/empm809y_cpp/Cpp_projects/Final-Group17/final_ws/install/mage_msgs:/home/keyur/empm809y_cpp/Cpp_projects/RWA3-Group17/rwa3_ws/install/group17:/home/keyur/empm809y_cpp/Cpp_projects/RWA3-Group17/rwa3_ws/install/turtlebot3_simulations:/home/keyur/empm809y_cpp/Cpp_projects/RWA3-Group17/rwa3_ws/install/turtlebot3_sensors:/home/keyur/empm809y_cpp/Cpp_projects/RWA3-Group17/rwa3_ws/install/turtlebot3_gazebo:/home/keyur/empm809y_cpp/Cpp_projects/RWA3-Group17/rwa3_ws/install/turtlebot3_fake_node:/home/keyur/empm809y_cpp/Cpp_projects/RWA3-Group17/rwa3_ws/install/ros2_aruco_interfaces:/home/keyur/empm809y_cpp/Cpp_projects/RWA3-Group17/rwa3_ws/install/mage_msgs:/home/keyur/empm809y_cpp/Cpp_projects/ROS2learn/rosprac809_ws/install/my_first_package:/home/keyur/empm809y_cpp/Cpp_projects/ROS2learn/rosprac809_ws/install/automated_vehicle:/home/keyur/empm809y_cpp/Cpp_projects/ROS2learn/rosprac809_ws/install/av_msgs:/home/keyur/ros809_ws/install/first_package:/home/keyur/ros809_ws/install/automated_vehicle:/home/keyur/empm809y_cpp/Cpp_projects/RWA3-Group17/rwa3_ws/install/ros2_aruco:/opt/ros/galactic LD_LIBRARY_PATH=/home/keyur/empm809y_cpp/Cpp_projects/Final-Group17/final_ws/install/mage_msgs/lib:${LD_LIBRARY_PATH} PYTHONPATH=/home/keyur/empm809y_cpp/Cpp_projects/Final-Group17/final_ws/install/mage_msgs/lib/python3.8/site-packages:${PYTHONPATH} /usr/bin/cmake /home/keyur/empm809y_cpp/Cpp_projects/Final-Group17/final_ws/src/group17_final -DCMAKE_INSTALL_PREFIX=/home/keyur/empm809y_cpp/Cpp_projects/Final-Group17/final_ws/install/group17_final
