[0.843s] Invoking command in '/home/keyur/empm809y_cpp/Cpp_projects/Final-Group17/final_ws/build/ros2_aruco_interfaces': CMAKE_PREFIX_PATH=${CMAKE_PREFIX_PATH}:/home/keyur/empm809y_cpp/Cpp_projects/RWA3-Group17/rwa3_ws/install/ros2_aruco:/opt/ros/galactic /usr/bin/cmake --build /home/keyur/empm809y_cpp/Cpp_projects/Final-Group17/final_ws/build/ros2_aruco_interfaces -- -j8 -l8
[0.902s] [  3%] Built target ros2_aruco_interfaces__cpp
[0.908s] [ 12%] Built target ros2_aruco_interfaces__rosidl_generator_c
[0.943s] [ 22%] Built target ros2_aruco_interfaces__rosidl_typesupport_introspection_cpp
[0.943s] [ 32%] Built target ros2_aruco_interfaces__rosidl_typesupport_cpp
[0.949s] [ 41%] Built target ros2_aruco_interfaces__rosidl_typesupport_fastrtps_cpp
[0.951s] [ 51%] Built target ros2_aruco_interfaces__rosidl_typesupport_introspection_c
[0.952s] [ 61%] Built target ros2_aruco_interfaces__rosidl_typesupport_c
[0.986s] [ 70%] Built target ros2_aruco_interfaces__rosidl_typesupport_fastrtps_c
[1.013s] [ 70%] Built target ros2_aruco_interfaces
[1.046s] [ 74%] Built target ros2_aruco_interfaces__py
[1.075s] [ 80%] Built target ros2_aruco_interfaces__python
[1.113s] [ 87%] Built target ros2_aruco_interfaces__rosidl_typesupport_fastrtps_c__pyext
[1.119s] [ 93%] Built target ros2_aruco_interfaces__rosidl_typesupport_introspection_c__pyext
[1.127s] [100%] Built target ros2_aruco_interfaces__rosidl_typesupport_c__pyext
[1.396s] Invoked command in '/home/keyur/empm809y_cpp/Cpp_projects/Final-Group17/final_ws/build/ros2_aruco_interfaces' returned '0': CMAKE_PREFIX_PATH=${CMAKE_PREFIX_PATH}:/home/keyur/empm809y_cpp/Cpp_projects/RWA3-Group17/rwa3_ws/install/ros2_aruco:/opt/ros/galactic /usr/bin/cmake --build /home/keyur/empm809y_cpp/Cpp_projects/Final-Group17/final_ws/build/ros2_aruco_interfaces -- -j8 -l8
[1.460s] Invoking command in '/home/keyur/empm809y_cpp/Cpp_projects/Final-Group17/final_ws/build/ros2_aruco_interfaces': CMAKE_PREFIX_PATH=${CMAKE_PREFIX_PATH}:/home/keyur/empm809y_cpp/Cpp_projects/RWA3-Group17/rwa3_ws/install/ros2_aruco:/opt/ros/galactic /usr/bin/cmake --install /home/keyur/empm809y_cpp/Cpp_projects/Final-Group17/final_ws/build/ros2_aruco_interfaces
[1.471s] -- Install configuration: ""
[1.472s] -- Up-to-date: /home/keyur/empm809y_cpp/Cpp_projects/Final-Group17/final_ws/install/ros2_aruco_interfaces/share/ament_index/resource_index/rosidl_interfaces/ros2_aruco_interfaces
[1.472s] -- Up-to-date: /home/keyur/empm809y_cpp/Cpp_projects/Final-Group17/final_ws/install/ros2_aruco_interfaces/include/ros2_aruco_interfaces
[1.472s] -- Up-to-date: /home/keyur/empm809y_cpp/Cpp_projects/Final-Group17/final_ws/install/ros2_aruco_interfaces/include/ros2_aruco_interfaces/msg
[1.472s] -- Up-to-date: /home/keyur/empm809y_cpp/Cpp_projects/Final-Group17/final_ws/install/ros2_aruco_interfaces/include/ros2_aruco_interfaces/msg/aruco_markers.h
[1.472s] -- Up-to-date: /home/keyur/empm809y_cpp/Cpp_projects/Final-Group17/final_ws/install/ros2_aruco_interfaces/include/ros2_aruco_interfaces/msg/rosidl_generator_c__visibility_control.h
[1.473s] -- Up-to-date: /home/keyur/empm809y_cpp/Cpp_projects/Final-Group17/final_ws/install/ros2_aruco_interfaces/include/ros2_aruco_interfaces/msg/detail
[1.473s] -- Up-to-date: /home/keyur/empm809y_cpp/Cpp_projects/Final-Group17/final_ws/install/ros2_aruco_interfaces/include/ros2_aruco_interfaces/msg/detail/aruco_markers__functions.c
[1.473s] -- Up-to-date: /home/keyur/empm809y_cpp/Cpp_projects/Final-Group17/final_ws/install/ros2_aruco_interfaces/include/ros2_aruco_interfaces/msg/detail/aruco_markers__struct.h
[1.473s] -- Up-to-date: /home/keyur/empm809y_cpp/Cpp_projects/Final-Group17/final_ws/install/ros2_aruco_interfaces/include/ros2_aruco_interfaces/msg/detail/aruco_markers__type_support.h
[1.473s] -- Up-to-date: /home/keyur/empm809y_cpp/Cpp_projects/Final-Group17/final_ws/install/ros2_aruco_interfaces/include/ros2_aruco_interfaces/msg/detail/aruco_markers__functions.h
[1.474s] -- Up-to-date: /home/keyur/empm809y_cpp/Cpp_projects/Final-Group17/final_ws/install/ros2_aruco_interfaces/share/ros2_aruco_interfaces/environment/library_path.sh
[1.474s] -- Up-to-date: /home/keyur/empm809y_cpp/Cpp_projects/Final-Group17/final_ws/install/ros2_aruco_interfaces/share/ros2_aruco_interfaces/environment/library_path.dsv
[1.474s] -- Up-to-date: /home/keyur/empm809y_cpp/Cpp_projects/Final-Group17/final_ws/install/ros2_aruco_interfaces/lib/libros2_aruco_interfaces__rosidl_generator_c.so
[1.474s] -- Up-to-date: /home/keyur/empm809y_cpp/Cpp_projects/Final-Group17/final_ws/install/ros2_aruco_interfaces/include/ros2_aruco_interfaces
[1.474s] -- Up-to-date: /home/keyur/empm809y_cpp/Cpp_projects/Final-Group17/final_ws/install/ros2_aruco_interfaces/include/ros2_aruco_interfaces/msg
[1.475s] -- Up-to-date: /home/keyur/empm809y_cpp/Cpp_projects/Final-Group17/final_ws/install/ros2_aruco_interfaces/include/ros2_aruco_interfaces/msg/rosidl_typesupport_fastrtps_c__visibility_control.h
[1.475s] -- Up-to-date: /home/keyur/empm809y_cpp/Cpp_projects/Final-Group17/final_ws/install/ros2_aruco_interfaces/include/ros2_aruco_interfaces/msg/detail
[1.475s] -- Up-to-date: /home/keyur/empm809y_cpp/Cpp_projects/Final-Group17/final_ws/install/ros2_aruco_interfaces/include/ros2_aruco_interfaces/msg/detail/aruco_markers__rosidl_typesupport_fastrtps_c.h
[1.475s] -- Up-to-date: /home/keyur/empm809y_cpp/Cpp_projects/Final-Group17/final_ws/install/ros2_aruco_interfaces/lib/libros2_aruco_interfaces__rosidl_typesupport_fastrtps_c.so
[1.475s] -- Up-to-date: /home/keyur/empm809y_cpp/Cpp_projects/Final-Group17/final_ws/install/ros2_aruco_interfaces/include/ros2_aruco_interfaces
[1.475s] -- Up-to-date: /home/keyur/empm809y_cpp/Cpp_projects/Final-Group17/final_ws/install/ros2_aruco_interfaces/include/ros2_aruco_interfaces/msg
[1.475s] -- Up-to-date: /home/keyur/empm809y_cpp/Cpp_projects/Final-Group17/final_ws/install/ros2_aruco_interfaces/include/ros2_aruco_interfaces/msg/rosidl_typesupport_fastrtps_cpp__visibility_control.h
[1.476s] -- Up-to-date: /home/keyur/empm809y_cpp/Cpp_projects/Final-Group17/final_ws/install/ros2_aruco_interfaces/include/ros2_aruco_interfaces/msg/detail
[1.476s] -- Up-to-date: /home/keyur/empm809y_cpp/Cpp_projects/Final-Group17/final_ws/install/ros2_aruco_interfaces/include/ros2_aruco_interfaces/msg/detail/dds_fastrtps
[1.476s] -- Up-to-date: /home/keyur/empm809y_cpp/Cpp_projects/Final-Group17/final_ws/install/ros2_aruco_interfaces/include/ros2_aruco_interfaces/msg/detail/aruco_markers__rosidl_typesupport_fastrtps_cpp.hpp
[1.476s] -- Up-to-date: /home/keyur/empm809y_cpp/Cpp_projects/Final-Group17/final_ws/install/ros2_aruco_interfaces/lib/libros2_aruco_interfaces__rosidl_typesupport_fastrtps_cpp.so
[1.477s] -- Up-to-date: /home/keyur/empm809y_cpp/Cpp_projects/Final-Group17/final_ws/install/ros2_aruco_interfaces/include/ros2_aruco_interfaces
[1.477s] -- Up-to-date: /home/keyur/empm809y_cpp/Cpp_projects/Final-Group17/final_ws/install/ros2_aruco_interfaces/include/ros2_aruco_interfaces/msg
[1.477s] -- Up-to-date: /home/keyur/empm809y_cpp/Cpp_projects/Final-Group17/final_ws/install/ros2_aruco_interfaces/include/ros2_aruco_interfaces/msg/rosidl_typesupport_introspection_c__visibility_control.h
[1.477s] -- Up-to-date: /home/keyur/empm809y_cpp/Cpp_projects/Final-Group17/final_ws/install/ros2_aruco_interfaces/include/ros2_aruco_interfaces/msg/detail
[1.477s] -- Up-to-date: /home/keyur/empm809y_cpp/Cpp_projects/Final-Group17/final_ws/install/ros2_aruco_interfaces/include/ros2_aruco_interfaces/msg/detail/aruco_markers__type_support.c
[1.477s] -- Up-to-date: /home/keyur/empm809y_cpp/Cpp_projects/Final-Group17/final_ws/install/ros2_aruco_interfaces/include/ros2_aruco_interfaces/msg/detail/aruco_markers__rosidl_typesupport_introspection_c.h
[1.478s] -- Up-to-date: /home/keyur/empm809y_cpp/Cpp_projects/Final-Group17/final_ws/install/ros2_aruco_interfaces/lib/libros2_aruco_interfaces__rosidl_typesupport_introspection_c.so
[1.478s] -- Up-to-date: /home/keyur/empm809y_cpp/Cpp_projects/Final-Group17/final_ws/install/ros2_aruco_interfaces/lib/libros2_aruco_interfaces__rosidl_typesupport_c.so
[1.478s] -- Up-to-date: /home/keyur/empm809y_cpp/Cpp_projects/Final-Group17/final_ws/install/ros2_aruco_interfaces/include/ros2_aruco_interfaces
[1.478s] -- Up-to-date: /home/keyur/empm809y_cpp/Cpp_projects/Final-Group17/final_ws/install/ros2_aruco_interfaces/include/ros2_aruco_interfaces/msg
[1.478s] -- Up-to-date: /home/keyur/empm809y_cpp/Cpp_projects/Final-Group17/final_ws/install/ros2_aruco_interfaces/include/ros2_aruco_interfaces/msg/aruco_markers.hpp
[1.478s] -- Up-to-date: /home/keyur/empm809y_cpp/Cpp_projects/Final-Group17/final_ws/install/ros2_aruco_interfaces/include/ros2_aruco_interfaces/msg/detail
[1.479s] -- Up-to-date: /home/keyur/empm809y_cpp/Cpp_projects/Final-Group17/final_ws/install/ros2_aruco_interfaces/include/ros2_aruco_interfaces/msg/detail/aruco_markers__builder.hpp
[1.479s] -- Up-to-date: /home/keyur/empm809y_cpp/Cpp_projects/Final-Group17/final_ws/install/ros2_aruco_interfaces/include/ros2_aruco_interfaces/msg/detail/aruco_markers__struct.hpp
[1.479s] -- Up-to-date: /home/keyur/empm809y_cpp/Cpp_projects/Final-Group17/final_ws/install/ros2_aruco_interfaces/include/ros2_aruco_interfaces/msg/detail/aruco_markers__traits.hpp
[1.479s] -- Up-to-date: /home/keyur/empm809y_cpp/Cpp_projects/Final-Group17/final_ws/install/ros2_aruco_interfaces/include/ros2_aruco_interfaces
[1.479s] -- Up-to-date: /home/keyur/empm809y_cpp/Cpp_projects/Final-Group17/final_ws/install/ros2_aruco_interfaces/include/ros2_aruco_interfaces/msg
[1.479s] -- Up-to-date: /home/keyur/empm809y_cpp/Cpp_projects/Final-Group17/final_ws/install/ros2_aruco_interfaces/include/ros2_aruco_interfaces/msg/detail
[1.480s] -- Up-to-date: /home/keyur/empm809y_cpp/Cpp_projects/Final-Group17/final_ws/install/ros2_aruco_interfaces/include/ros2_aruco_interfaces/msg/detail/aruco_markers__rosidl_typesupport_introspection_cpp.hpp
[1.480s] -- Up-to-date: /home/keyur/empm809y_cpp/Cpp_projects/Final-Group17/final_ws/install/ros2_aruco_interfaces/include/ros2_aruco_interfaces/msg/detail/aruco_markers__type_support.cpp
[1.480s] -- Up-to-date: /home/keyur/empm809y_cpp/Cpp_projects/Final-Group17/final_ws/install/ros2_aruco_interfaces/lib/libros2_aruco_interfaces__rosidl_typesupport_introspection_cpp.so
[1.480s] -- Up-to-date: /home/keyur/empm809y_cpp/Cpp_projects/Final-Group17/final_ws/install/ros2_aruco_interfaces/lib/libros2_aruco_interfaces__rosidl_typesupport_cpp.so
[1.480s] -- Up-to-date: /home/keyur/empm809y_cpp/Cpp_projects/Final-Group17/final_ws/install/ros2_aruco_interfaces/share/ros2_aruco_interfaces/environment/pythonpath.sh
[1.480s] -- Up-to-date: /home/keyur/empm809y_cpp/Cpp_projects/Final-Group17/final_ws/install/ros2_aruco_interfaces/share/ros2_aruco_interfaces/environment/pythonpath.dsv
[1.480s] -- Up-to-date: /home/keyur/empm809y_cpp/Cpp_projects/Final-Group17/final_ws/install/ros2_aruco_interfaces/lib/python3.8/site-packages/ros2_aruco_interfaces/__init__.py
[1.520s] -- Up-to-date: /home/keyur/empm809y_cpp/Cpp_projects/Final-Group17/final_ws/install/ros2_aruco_interfaces/lib/python3.8/site-packages/ros2_aruco_interfaces/msg
[1.520s] -- Up-to-date: /home/keyur/empm809y_cpp/Cpp_projects/Final-Group17/final_ws/install/ros2_aruco_interfaces/lib/python3.8/site-packages/ros2_aruco_interfaces/msg/_aruco_markers.py
[1.521s] -- Up-to-date: /home/keyur/empm809y_cpp/Cpp_projects/Final-Group17/final_ws/install/ros2_aruco_interfaces/lib/python3.8/site-packages/ros2_aruco_interfaces/msg/__init__.py
[1.521s] -- Up-to-date: /home/keyur/empm809y_cpp/Cpp_projects/Final-Group17/final_ws/install/ros2_aruco_interfaces/lib/python3.8/site-packages/ros2_aruco_interfaces/msg/_aruco_markers_s.c
[1.521s] -- Up-to-date: /home/keyur/empm809y_cpp/Cpp_projects/Final-Group17/final_ws/install/ros2_aruco_interfaces/lib/python3.8/site-packages/ros2_aruco_interfaces/ros2_aruco_interfaces_s__rosidl_typesupport_fastrtps_c.cpython-38-x86_64-linux-gnu.so
[1.521s] -- Up-to-date: /home/keyur/empm809y_cpp/Cpp_projects/Final-Group17/final_ws/install/ros2_aruco_interfaces/lib/python3.8/site-packages/ros2_aruco_interfaces/ros2_aruco_interfaces_s__rosidl_typesupport_introspection_c.cpython-38-x86_64-linux-gnu.so
[1.522s] -- Up-to-date: /home/keyur/empm809y_cpp/Cpp_projects/Final-Group17/final_ws/install/ros2_aruco_interfaces/lib/python3.8/site-packages/ros2_aruco_interfaces/ros2_aruco_interfaces_s__rosidl_typesupport_c.cpython-38-x86_64-linux-gnu.so
[1.523s] -- Up-to-date: /home/keyur/empm809y_cpp/Cpp_projects/Final-Group17/final_ws/install/ros2_aruco_interfaces/lib/libros2_aruco_interfaces__python.so
[1.523s] -- Up-to-date: /home/keyur/empm809y_cpp/Cpp_projects/Final-Group17/final_ws/install/ros2_aruco_interfaces/share/ros2_aruco_interfaces/msg/ArucoMarkers.idl
[1.524s] -- Up-to-date: /home/keyur/empm809y_cpp/Cpp_projects/Final-Group17/final_ws/install/ros2_aruco_interfaces/share/ros2_aruco_interfaces/msg/ArucoMarkers.msg
[1.524s] -- Up-to-date: /home/keyur/empm809y_cpp/Cpp_projects/Final-Group17/final_ws/install/ros2_aruco_interfaces/share/ament_index/resource_index/package_run_dependencies/ros2_aruco_interfaces
[1.524s] -- Up-to-date: /home/keyur/empm809y_cpp/Cpp_projects/Final-Group17/final_ws/install/ros2_aruco_interfaces/share/ament_index/resource_index/parent_prefix_path/ros2_aruco_interfaces
[1.524s] -- Up-to-date: /home/keyur/empm809y_cpp/Cpp_projects/Final-Group17/final_ws/install/ros2_aruco_interfaces/share/ros2_aruco_interfaces/environment/ament_prefix_path.sh
[1.524s] -- Up-to-date: /home/keyur/empm809y_cpp/Cpp_projects/Final-Group17/final_ws/install/ros2_aruco_interfaces/share/ros2_aruco_interfaces/environment/ament_prefix_path.dsv
[1.525s] -- Up-to-date: /home/keyur/empm809y_cpp/Cpp_projects/Final-Group17/final_ws/install/ros2_aruco_interfaces/share/ros2_aruco_interfaces/environment/path.sh
[1.525s] -- Up-to-date: /home/keyur/empm809y_cpp/Cpp_projects/Final-Group17/final_ws/install/ros2_aruco_interfaces/share/ros2_aruco_interfaces/environment/path.dsv
[1.525s] -- Up-to-date: /home/keyur/empm809y_cpp/Cpp_projects/Final-Group17/final_ws/install/ros2_aruco_interfaces/share/ros2_aruco_interfaces/local_setup.bash
[1.525s] -- Up-to-date: /home/keyur/empm809y_cpp/Cpp_projects/Final-Group17/final_ws/install/ros2_aruco_interfaces/share/ros2_aruco_interfaces/local_setup.sh
[1.525s] -- Up-to-date: /home/keyur/empm809y_cpp/Cpp_projects/Final-Group17/final_ws/install/ros2_aruco_interfaces/share/ros2_aruco_interfaces/local_setup.zsh
[1.526s] -- Up-to-date: /home/keyur/empm809y_cpp/Cpp_projects/Final-Group17/final_ws/install/ros2_aruco_interfaces/share/ros2_aruco_interfaces/local_setup.dsv
[1.526s] -- Installing: /home/keyur/empm809y_cpp/Cpp_projects/Final-Group17/final_ws/install/ros2_aruco_interfaces/share/ros2_aruco_interfaces/package.dsv
[1.526s] -- Up-to-date: /home/keyur/empm809y_cpp/Cpp_projects/Final-Group17/final_ws/install/ros2_aruco_interfaces/share/ament_index/resource_index/packages/ros2_aruco_interfaces
[1.526s] -- Up-to-date: /home/keyur/empm809y_cpp/Cpp_projects/Final-Group17/final_ws/install/ros2_aruco_interfaces/share/ros2_aruco_interfaces/cmake/ros2_aruco_interfaces__rosidl_generator_cExport.cmake
[1.526s] -- Up-to-date: /home/keyur/empm809y_cpp/Cpp_projects/Final-Group17/final_ws/install/ros2_aruco_interfaces/share/ros2_aruco_interfaces/cmake/ros2_aruco_interfaces__rosidl_generator_cExport-noconfig.cmake
[1.527s] -- Up-to-date: /home/keyur/empm809y_cpp/Cpp_projects/Final-Group17/final_ws/install/ros2_aruco_interfaces/share/ros2_aruco_interfaces/cmake/ros2_aruco_interfaces__rosidl_typesupport_introspection_cExport.cmake
[1.527s] -- Up-to-date: /home/keyur/empm809y_cpp/Cpp_projects/Final-Group17/final_ws/install/ros2_aruco_interfaces/share/ros2_aruco_interfaces/cmake/ros2_aruco_interfaces__rosidl_typesupport_introspection_cExport-noconfig.cmake
[1.527s] -- Up-to-date: /home/keyur/empm809y_cpp/Cpp_projects/Final-Group17/final_ws/install/ros2_aruco_interfaces/share/ros2_aruco_interfaces/cmake/ros2_aruco_interfaces__rosidl_typesupport_cExport.cmake
[1.527s] -- Up-to-date: /home/keyur/empm809y_cpp/Cpp_projects/Final-Group17/final_ws/install/ros2_aruco_interfaces/share/ros2_aruco_interfaces/cmake/ros2_aruco_interfaces__rosidl_typesupport_cExport-noconfig.cmake
[1.527s] -- Up-to-date: /home/keyur/empm809y_cpp/Cpp_projects/Final-Group17/final_ws/install/ros2_aruco_interfaces/share/ros2_aruco_interfaces/cmake/ros2_aruco_interfaces__rosidl_generator_cppExport.cmake
[1.527s] -- Up-to-date: /home/keyur/empm809y_cpp/Cpp_projects/Final-Group17/final_ws/install/ros2_aruco_interfaces/share/ros2_aruco_interfaces/cmake/ros2_aruco_interfaces__rosidl_typesupport_introspection_cppExport.cmake
[1.528s] -- Up-to-date: /home/keyur/empm809y_cpp/Cpp_projects/Final-Group17/final_ws/install/ros2_aruco_interfaces/share/ros2_aruco_interfaces/cmake/ros2_aruco_interfaces__rosidl_typesupport_introspection_cppExport-noconfig.cmake
[1.528s] -- Up-to-date: /home/keyur/empm809y_cpp/Cpp_projects/Final-Group17/final_ws/install/ros2_aruco_interfaces/share/ros2_aruco_interfaces/cmake/ros2_aruco_interfaces__rosidl_typesupport_cppExport.cmake
[1.528s] -- Up-to-date: /home/keyur/empm809y_cpp/Cpp_projects/Final-Group17/final_ws/install/ros2_aruco_interfaces/share/ros2_aruco_interfaces/cmake/ros2_aruco_interfaces__rosidl_typesupport_cppExport-noconfig.cmake
[1.528s] -- Up-to-date: /home/keyur/empm809y_cpp/Cpp_projects/Final-Group17/final_ws/install/ros2_aruco_interfaces/share/ros2_aruco_interfaces/cmake/rosidl_cmake-extras.cmake
[1.528s] -- Up-to-date: /home/keyur/empm809y_cpp/Cpp_projects/Final-Group17/final_ws/install/ros2_aruco_interfaces/share/ros2_aruco_interfaces/cmake/ament_cmake_export_dependencies-extras.cmake
[1.528s] -- Up-to-date: /home/keyur/empm809y_cpp/Cpp_projects/Final-Group17/final_ws/install/ros2_aruco_interfaces/share/ros2_aruco_interfaces/cmake/ament_cmake_export_libraries-extras.cmake
[1.528s] -- Up-to-date: /home/keyur/empm809y_cpp/Cpp_projects/Final-Group17/final_ws/install/ros2_aruco_interfaces/share/ros2_aruco_interfaces/cmake/ament_cmake_export_targets-extras.cmake
[1.529s] -- Up-to-date: /home/keyur/empm809y_cpp/Cpp_projects/Final-Group17/final_ws/install/ros2_aruco_interfaces/share/ros2_aruco_interfaces/cmake/ament_cmake_export_include_directories-extras.cmake
[1.529s] -- Up-to-date: /home/keyur/empm809y_cpp/Cpp_projects/Final-Group17/final_ws/install/ros2_aruco_interfaces/share/ros2_aruco_interfaces/cmake/rosidl_cmake_export_typesupport_libraries-extras.cmake
[1.529s] -- Up-to-date: /home/keyur/empm809y_cpp/Cpp_projects/Final-Group17/final_ws/install/ros2_aruco_interfaces/share/ros2_aruco_interfaces/cmake/rosidl_cmake_export_typesupport_targets-extras.cmake
[1.530s] -- Up-to-date: /home/keyur/empm809y_cpp/Cpp_projects/Final-Group17/final_ws/install/ros2_aruco_interfaces/share/ros2_aruco_interfaces/cmake/ros2_aruco_interfacesConfig.cmake
[1.530s] -- Up-to-date: /home/keyur/empm809y_cpp/Cpp_projects/Final-Group17/final_ws/install/ros2_aruco_interfaces/share/ros2_aruco_interfaces/cmake/ros2_aruco_interfacesConfig-version.cmake
[1.531s] -- Up-to-date: /home/keyur/empm809y_cpp/Cpp_projects/Final-Group17/final_ws/install/ros2_aruco_interfaces/share/ros2_aruco_interfaces/package.xml
[1.531s] Invoked command in '/home/keyur/empm809y_cpp/Cpp_projects/Final-Group17/final_ws/build/ros2_aruco_interfaces' returned '0': CMAKE_PREFIX_PATH=${CMAKE_PREFIX_PATH}:/home/keyur/empm809y_cpp/Cpp_projects/RWA3-Group17/rwa3_ws/install/ros2_aruco:/opt/ros/galactic /usr/bin/cmake --install /home/keyur/empm809y_cpp/Cpp_projects/Final-Group17/final_ws/build/ros2_aruco_interfaces
